Supervisor: 2023/11/19 18:08:09 supervisor.go:122: begin tx handling...
Supervisor: 2023/11/19 18:08:09 committee_relay.go:94: read csvFile: ../txs_0.0cross.csv
Supervisor: 2023/11/19 18:08:09 committee_relay.go:100: close csvFile: ../txs_0.0cross.csv
Supervisor: 2023/11/19 18:08:09 committee_relay.go:119: The len of sending txs is: 4000
Supervisor: 2023/11/19 18:08:09 committee_relay.go:74: send transactions to shard 0...
Supervisor: 2023/11/19 18:08:09 committee_relay.go:77: send_msg to shard 0...
Supervisor: 2023/11/19 18:08:09 committee_relay.go:74: send transactions to shard 1...
Supervisor: 2023/11/19 18:08:09 committee_relay.go:77: send_msg to shard 1...
Supervisor: 2023/11/19 18:08:10 committee_relay.go:74: send transactions to shard 0...
Supervisor: 2023/11/19 18:08:10 committee_relay.go:77: send_msg to shard 0...
Supervisor: 2023/11/19 18:08:10 committee_relay.go:74: send transactions to shard 1...
Supervisor: 2023/11/19 18:08:10 committee_relay.go:77: send_msg to shard 1...
Supervisor: 2023/11/19 18:08:11 committee_relay.go:119: The len of sending txs is: 4000
Supervisor: 2023/11/19 18:08:11 committee_relay.go:74: send transactions to shard 0...
Supervisor: 2023/11/19 18:08:12 committee_relay.go:77: send_msg to shard 0...
Supervisor: 2023/11/19 18:08:12 committee_relay.go:74: send transactions to shard 1...
Supervisor: 2023/11/19 18:08:12 committee_relay.go:77: send_msg to shard 1...
Supervisor: 2023/11/19 18:08:13 committee_relay.go:74: send transactions to shard 0...
Supervisor: 2023/11/19 18:08:13 committee_relay.go:77: send_msg to shard 0...
Supervisor: 2023/11/19 18:08:13 committee_relay.go:74: send transactions to shard 1...
Supervisor: 2023/11/19 18:08:13 committee_relay.go:77: send_msg to shard 1...
Supervisor: 2023/11/19 18:08:14 committee_relay.go:119: The len of sending txs is: 4000
Supervisor: 2023/11/19 18:08:14 committee_relay.go:74: send transactions to shard 0...
Supervisor: 2023/11/19 18:08:14 committee_relay.go:77: send_msg to shard 0...
Supervisor: 2023/11/19 18:08:14 committee_relay.go:74: send transactions to shard 1...
Supervisor: 2023/11/19 18:08:14 committee_relay.go:77: send_msg to shard 1...
Supervisor: 2023/11/19 18:08:15 committee_relay.go:74: send transactions to shard 0...
Supervisor: 2023/11/19 18:08:15 committee_relay.go:77: send_msg to shard 0...
Supervisor: 2023/11/19 18:08:15 committee_relay.go:74: send transactions to shard 1...
Supervisor: 2023/11/19 18:08:15 committee_relay.go:77: send_msg to shard 1...
Supervisor: 2023/11/19 18:08:16 committee_relay.go:119: The len of sending txs is: 4000
Supervisor: 2023/11/19 18:08:16 committee_relay.go:74: send transactions to shard 0...
Supervisor: 2023/11/19 18:08:16 committee_relay.go:77: send_msg to shard 0...
Supervisor: 2023/11/19 18:08:16 committee_relay.go:74: send transactions to shard 1...
Supervisor: 2023/11/19 18:08:16 committee_relay.go:77: send_msg to shard 1...
Supervisor: 2023/11/19 18:08:17 committee_relay.go:74: send transactions to shard 0...
Supervisor: 2023/11/19 18:08:17 committee_relay.go:77: send_msg to shard 0...
Supervisor: 2023/11/19 18:08:17 committee_relay.go:74: send transactions to shard 1...
Supervisor: 2023/11/19 18:08:17 committee_relay.go:77: send_msg to shard 1...
Supervisor: 2023/11/19 18:08:18 committee_relay.go:119: The len of sending txs is: 4000
Supervisor: 2023/11/19 18:08:18 committee_relay.go:74: send transactions to shard 0...
Supervisor: 2023/11/19 18:08:18 committee_relay.go:77: send_msg to shard 0...
Supervisor: 2023/11/19 18:08:18 committee_relay.go:74: send transactions to shard 1...
Supervisor: 2023/11/19 18:08:18 committee_relay.go:77: send_msg to shard 1...
Supervisor: 2023/11/19 18:08:19 committee_relay.go:74: send transactions to shard 0...
Supervisor: 2023/11/19 18:08:19 committee_relay.go:77: send_msg to shard 0...
Supervisor: 2023/11/19 18:08:19 committee_relay.go:74: send transactions to shard 1...
Supervisor: 2023/11/19 18:08:19 committee_relay.go:77: send_msg to shard 1...
