S0N0: 2023/11/06 18:34:53 pbftOutside_module.go:34: S0N0 : has received relay txs from shard 1, the senderSeq is 1
S0N0: 2023/11/06 18:34:53 pbftOutside_module.go:39: S0N0 : has handled relay txs msg
S0N0: 2023/11/06 18:34:54 messageHandle.go:28: S0N0 get sequenceLock locked, now trying to propose...
S0N0: 2023/11/06 18:34:54 messageHandle.go:35: S0N0 put the request into the pool ...
S0N0: 2023/11/06 18:34:54 messageHandle.go:94: S0N0 : received the Prepare ...
S0N0: 2023/11/06 18:34:54 messageHandle.go:94: S0N0 : received the Prepare ...
S0N0: 2023/11/06 18:34:54 messageHandle.go:125: S0N0 : is going to commit
S0N0: 2023/11/06 18:34:54 messageHandle.go:139: S0N0 : commit is broadcast
S0N0: 2023/11/06 18:34:54 messageHandle.go:94: S0N0 : received the Prepare ...
S0N0: 2023/11/06 18:34:54 messageHandle.go:151: S0N0 received the Commit from ...1
S0N0: 2023/11/06 18:34:54 messageHandle.go:151: S0N0 received the Commit from ...2
S0N0: 2023/11/06 18:34:54 messageHandle.go:163: S0N0 : has received 2f + 1 commits ... 
S0N0: 2023/11/06 18:34:54 pbftInside_module.go:59: S0N0 : adding the block 1...now height = 0 
S0N0: 2023/11/06 18:34:54 pbftInside_module.go:61: S0N0 : added the block 1... 
S0N0: 2023/11/06 18:34:54 pbftInside_module.go:66: S0N0 : main node is trying to send relay txs at height = 1 
S0N0: 2023/11/06 18:34:54 pbftInside_module.go:98: S0N0 : sended relay txs to 1
S0N0: 2023/11/06 18:34:54 pbftInside_module.go:119: S0N0 : sended excuted txs
S0N0: 2023/11/06 18:34:54 messageHandle.go:192: S0N0: this round of pbft 1 is end 
S0N0: 2023/11/06 18:34:54 messageHandle.go:199: S0N0 get sequenceLock unlocked...
S0N0: 2023/11/06 18:34:54 messageHandle.go:151: S0N0 received the Commit from ...3
S0N0: 2023/11/06 18:34:56 pbftOutside_module.go:34: S0N0 : has received relay txs from shard 1, the senderSeq is 2
S0N0: 2023/11/06 18:34:56 pbftOutside_module.go:39: S0N0 : has handled relay txs msg
S0N0: 2023/11/06 18:34:59 messageHandle.go:28: S0N0 get sequenceLock locked, now trying to propose...
S0N0: 2023/11/06 18:34:59 messageHandle.go:35: S0N0 put the request into the pool ...
S0N0: 2023/11/06 18:34:59 messageHandle.go:94: S0N0 : received the Prepare ...
S0N0: 2023/11/06 18:34:59 messageHandle.go:94: S0N0 : received the Prepare ...
S0N0: 2023/11/06 18:34:59 messageHandle.go:125: S0N0 : is going to commit
S0N0: 2023/11/06 18:34:59 messageHandle.go:139: S0N0 : commit is broadcast
S0N0: 2023/11/06 18:34:59 messageHandle.go:151: S0N0 received the Commit from ...2
S0N0: 2023/11/06 18:34:59 messageHandle.go:94: S0N0 : received the Prepare ...
S0N0: 2023/11/06 18:34:59 messageHandle.go:151: S0N0 received the Commit from ...3
S0N0: 2023/11/06 18:34:59 messageHandle.go:163: S0N0 : has received 2f + 1 commits ... 
S0N0: 2023/11/06 18:34:59 pbftInside_module.go:59: S0N0 : adding the block 2...now height = 1 
S0N0: 2023/11/06 18:34:59 pbftInside_module.go:61: S0N0 : added the block 2... 
S0N0: 2023/11/06 18:34:59 pbftInside_module.go:66: S0N0 : main node is trying to send relay txs at height = 2 
S0N0: 2023/11/06 18:34:59 pbftInside_module.go:98: S0N0 : sended relay txs to 1
S0N0: 2023/11/06 18:34:59 pbftInside_module.go:119: S0N0 : sended excuted txs
S0N0: 2023/11/06 18:34:59 messageHandle.go:192: S0N0: this round of pbft 2 is end 
S0N0: 2023/11/06 18:34:59 messageHandle.go:199: S0N0 get sequenceLock unlocked...
S0N0: 2023/11/06 18:34:59 messageHandle.go:151: S0N0 received the Commit from ...1
S0N0: 2023/11/06 18:35:01 pbftOutside_module.go:34: S0N0 : has received relay txs from shard 1, the senderSeq is 3
S0N0: 2023/11/06 18:35:01 pbftOutside_module.go:39: S0N0 : has handled relay txs msg
S0N0: 2023/11/06 18:35:03 pbftOutside_module.go:49: S0N0 : has handled injected txs msg, txs: 1000 
S0N0: 2023/11/06 18:35:04 pbftOutside_module.go:49: S0N0 : has handled injected txs msg, txs: 1000 
S0N0: 2023/11/06 18:35:04 messageHandle.go:28: S0N0 get sequenceLock locked, now trying to propose...
S0N0: 2023/11/06 18:35:04 messageHandle.go:35: S0N0 put the request into the pool ...
S0N0: 2023/11/06 18:35:04 messageHandle.go:94: S0N0 : received the Prepare ...
S0N0: 2023/11/06 18:35:04 messageHandle.go:94: S0N0 : received the Prepare ...
S0N0: 2023/11/06 18:35:04 messageHandle.go:125: S0N0 : is going to commit
S0N0: 2023/11/06 18:35:04 messageHandle.go:139: S0N0 : commit is broadcast
S0N0: 2023/11/06 18:35:04 messageHandle.go:94: S0N0 : received the Prepare ...
S0N0: 2023/11/06 18:35:04 messageHandle.go:151: S0N0 received the Commit from ...2
S0N0: 2023/11/06 18:35:04 messageHandle.go:151: S0N0 received the Commit from ...3
S0N0: 2023/11/06 18:35:04 messageHandle.go:163: S0N0 : has received 2f + 1 commits ... 
S0N0: 2023/11/06 18:35:04 pbftInside_module.go:59: S0N0 : adding the block 3...now height = 2 
S0N0: 2023/11/06 18:35:04 pbftInside_module.go:61: S0N0 : added the block 3... 
S0N0: 2023/11/06 18:35:04 pbftInside_module.go:66: S0N0 : main node is trying to send relay txs at height = 3 
S0N0: 2023/11/06 18:35:04 pbftInside_module.go:98: S0N0 : sended relay txs to 1
S0N0: 2023/11/06 18:35:04 pbftInside_module.go:119: S0N0 : sended excuted txs
S0N0: 2023/11/06 18:35:04 messageHandle.go:192: S0N0: this round of pbft 3 is end 
S0N0: 2023/11/06 18:35:04 messageHandle.go:199: S0N0 get sequenceLock unlocked...
S0N0: 2023/11/06 18:35:04 messageHandle.go:151: S0N0 received the Commit from ...1
S0N0: 2023/11/06 18:35:05 pbftOutside_module.go:49: S0N0 : has handled injected txs msg, txs: 1000 
S0N0: 2023/11/06 18:35:06 pbftOutside_module.go:49: S0N0 : has handled injected txs msg, txs: 1000 
S0N0: 2023/11/06 18:35:06 pbftOutside_module.go:34: S0N0 : has received relay txs from shard 1, the senderSeq is 4
S0N0: 2023/11/06 18:35:06 pbftOutside_module.go:39: S0N0 : has handled relay txs msg
S0N0: 2023/11/06 18:35:07 pbftOutside_module.go:49: S0N0 : has handled injected txs msg, txs: 1000 
S0N0: 2023/11/06 18:35:08 pbftOutside_module.go:49: S0N0 : has handled injected txs msg, txs: 1000 
S0N0: 2023/11/06 18:35:09 pbftOutside_module.go:49: S0N0 : has handled injected txs msg, txs: 1000 
S0N0: 2023/11/06 18:35:09 messageHandle.go:28: S0N0 get sequenceLock locked, now trying to propose...
S0N0: 2023/11/06 18:35:09 messageHandle.go:35: S0N0 put the request into the pool ...
S0N0: 2023/11/06 18:35:09 messageHandle.go:94: S0N0 : received the Prepare ...
S0N0: 2023/11/06 18:35:09 messageHandle.go:94: S0N0 : received the Prepare ...
S0N0: 2023/11/06 18:35:09 messageHandle.go:125: S0N0 : is going to commit
S0N0: 2023/11/06 18:35:09 messageHandle.go:139: S0N0 : commit is broadcast
S0N0: 2023/11/06 18:35:09 messageHandle.go:151: S0N0 received the Commit from ...2
S0N0: 2023/11/06 18:35:09 messageHandle.go:94: S0N0 : received the Prepare ...
S0N0: 2023/11/06 18:35:09 messageHandle.go:151: S0N0 received the Commit from ...3
S0N0: 2023/11/06 18:35:09 messageHandle.go:163: S0N0 : has received 2f + 1 commits ... 
S0N0: 2023/11/06 18:35:09 pbftInside_module.go:59: S0N0 : adding the block 4...now height = 3 
S0N0: 2023/11/06 18:35:09 pbftInside_module.go:61: S0N0 : added the block 4... 
S0N0: 2023/11/06 18:35:09 pbftInside_module.go:66: S0N0 : main node is trying to send relay txs at height = 4 
S0N0: 2023/11/06 18:35:09 pbftInside_module.go:98: S0N0 : sended relay txs to 1
S0N0: 2023/11/06 18:35:09 pbftInside_module.go:119: S0N0 : sended excuted txs
S0N0: 2023/11/06 18:35:09 messageHandle.go:192: S0N0: this round of pbft 4 is end 
S0N0: 2023/11/06 18:35:09 messageHandle.go:199: S0N0 get sequenceLock unlocked...
S0N0: 2023/11/06 18:35:09 messageHandle.go:151: S0N0 received the Commit from ...1
S0N0: 2023/11/06 18:35:10 pbftOutside_module.go:49: S0N0 : has handled injected txs msg, txs: 1000 
S0N0: 2023/11/06 18:35:11 pbftOutside_module.go:49: S0N0 : has handled injected txs msg, txs: 1000 
S0N0: 2023/11/06 18:35:12 pbftOutside_module.go:34: S0N0 : has received relay txs from shard 1, the senderSeq is 5
S0N0: 2023/11/06 18:35:12 pbftOutside_module.go:39: S0N0 : has handled relay txs msg
S0N0: 2023/11/06 18:35:12 pbftOutside_module.go:49: S0N0 : has handled injected txs msg, txs: 1000 
S0N0: 2023/11/06 18:35:14 messageHandle.go:28: S0N0 get sequenceLock locked, now trying to propose...
S0N0: 2023/11/06 18:35:14 messageHandle.go:35: S0N0 put the request into the pool ...
S0N0: 2023/11/06 18:35:14 messageHandle.go:94: S0N0 : received the Prepare ...
S0N0: 2023/11/06 18:35:14 messageHandle.go:94: S0N0 : received the Prepare ...
S0N0: 2023/11/06 18:35:15 messageHandle.go:125: S0N0 : is going to commit
S0N0: 2023/11/06 18:35:15 messageHandle.go:139: S0N0 : commit is broadcast
S0N0: 2023/11/06 18:35:15 messageHandle.go:151: S0N0 received the Commit from ...3
S0N0: 2023/11/06 18:35:15 messageHandle.go:94: S0N0 : received the Prepare ...
S0N0: 2023/11/06 18:35:15 messageHandle.go:151: S0N0 received the Commit from ...1
S0N0: 2023/11/06 18:35:15 messageHandle.go:163: S0N0 : has received 2f + 1 commits ... 
S0N0: 2023/11/06 18:35:15 pbftInside_module.go:59: S0N0 : adding the block 5...now height = 4 
S0N0: 2023/11/06 18:35:15 pbftInside_module.go:61: S0N0 : added the block 5... 
S0N0: 2023/11/06 18:35:15 pbftInside_module.go:66: S0N0 : main node is trying to send relay txs at height = 5 
S0N0: 2023/11/06 18:35:15 pbftInside_module.go:98: S0N0 : sended relay txs to 1
S0N0: 2023/11/06 18:35:15 pbftInside_module.go:119: S0N0 : sended excuted txs
S0N0: 2023/11/06 18:35:15 messageHandle.go:192: S0N0: this round of pbft 5 is end 
S0N0: 2023/11/06 18:35:15 messageHandle.go:199: S0N0 get sequenceLock unlocked...
S0N0: 2023/11/06 18:35:15 messageHandle.go:151: S0N0 received the Commit from ...2
S0N0: 2023/11/06 18:35:17 pbftOutside_module.go:34: S0N0 : has received relay txs from shard 1, the senderSeq is 6
S0N0: 2023/11/06 18:35:17 pbftOutside_module.go:39: S0N0 : has handled relay txs msg
S0N0: 2023/11/06 18:35:19 messageHandle.go:28: S0N0 get sequenceLock locked, now trying to propose...
S0N0: 2023/11/06 18:35:20 messageHandle.go:35: S0N0 put the request into the pool ...
S0N0: 2023/11/06 18:35:20 messageHandle.go:94: S0N0 : received the Prepare ...
S0N0: 2023/11/06 18:35:20 messageHandle.go:94: S0N0 : received the Prepare ...
S0N0: 2023/11/06 18:35:20 messageHandle.go:125: S0N0 : is going to commit
S0N0: 2023/11/06 18:35:20 messageHandle.go:139: S0N0 : commit is broadcast
S0N0: 2023/11/06 18:35:20 messageHandle.go:151: S0N0 received the Commit from ...3
S0N0: 2023/11/06 18:35:20 messageHandle.go:94: S0N0 : received the Prepare ...
S0N0: 2023/11/06 18:35:20 messageHandle.go:151: S0N0 received the Commit from ...2
S0N0: 2023/11/06 18:35:20 messageHandle.go:163: S0N0 : has received 2f + 1 commits ... 
S0N0: 2023/11/06 18:35:20 pbftInside_module.go:59: S0N0 : adding the block 6...now height = 5 
S0N0: 2023/11/06 18:35:20 pbftInside_module.go:61: S0N0 : added the block 6... 
S0N0: 2023/11/06 18:35:20 pbftInside_module.go:66: S0N0 : main node is trying to send relay txs at height = 6 
S0N0: 2023/11/06 18:35:20 pbftInside_module.go:98: S0N0 : sended relay txs to 1
S0N0: 2023/11/06 18:35:20 pbftInside_module.go:119: S0N0 : sended excuted txs
S0N0: 2023/11/06 18:35:20 messageHandle.go:192: S0N0: this round of pbft 6 is end 
S0N0: 2023/11/06 18:35:20 messageHandle.go:199: S0N0 get sequenceLock unlocked...
S0N0: 2023/11/06 18:35:20 messageHandle.go:151: S0N0 received the Commit from ...1
S0N0: 2023/11/06 18:35:22 pbftOutside_module.go:34: S0N0 : has received relay txs from shard 1, the senderSeq is 7
S0N0: 2023/11/06 18:35:22 pbftOutside_module.go:39: S0N0 : has handled relay txs msg
S0N0: 2023/11/06 18:35:25 messageHandle.go:28: S0N0 get sequenceLock locked, now trying to propose...
S0N0: 2023/11/06 18:35:25 messageHandle.go:35: S0N0 put the request into the pool ...
S0N0: 2023/11/06 18:35:25 messageHandle.go:94: S0N0 : received the Prepare ...
S0N0: 2023/11/06 18:35:25 messageHandle.go:94: S0N0 : received the Prepare ...
S0N0: 2023/11/06 18:35:25 messageHandle.go:125: S0N0 : is going to commit
S0N0: 2023/11/06 18:35:25 messageHandle.go:139: S0N0 : commit is broadcast
S0N0: 2023/11/06 18:35:25 messageHandle.go:151: S0N0 received the Commit from ...2
S0N0: 2023/11/06 18:35:25 messageHandle.go:151: S0N0 received the Commit from ...1
S0N0: 2023/11/06 18:35:25 messageHandle.go:163: S0N0 : has received 2f + 1 commits ... 
S0N0: 2023/11/06 18:35:25 pbftInside_module.go:59: S0N0 : adding the block 7...now height = 6 
S0N0: 2023/11/06 18:35:25 pbftInside_module.go:61: S0N0 : added the block 7... 
S0N0: 2023/11/06 18:35:25 pbftInside_module.go:66: S0N0 : main node is trying to send relay txs at height = 7 
S0N0: 2023/11/06 18:35:25 pbftInside_module.go:98: S0N0 : sended relay txs to 1
S0N0: 2023/11/06 18:35:25 pbftInside_module.go:119: S0N0 : sended excuted txs
S0N0: 2023/11/06 18:35:25 messageHandle.go:192: S0N0: this round of pbft 7 is end 
S0N0: 2023/11/06 18:35:25 messageHandle.go:199: S0N0 get sequenceLock unlocked...
S0N0: 2023/11/06 18:35:25 messageHandle.go:94: S0N0 : received the Prepare ...
S0N0: 2023/11/06 18:35:25 messageHandle.go:151: S0N0 received the Commit from ...3
S0N0: 2023/11/06 18:35:27 pbftOutside_module.go:34: S0N0 : has received relay txs from shard 1, the senderSeq is 8
S0N0: 2023/11/06 18:35:27 pbftOutside_module.go:39: S0N0 : has handled relay txs msg
S0N0: 2023/11/06 18:35:30 messageHandle.go:28: S0N0 get sequenceLock locked, now trying to propose...
S0N0: 2023/11/06 18:35:30 messageHandle.go:35: S0N0 put the request into the pool ...
S0N0: 2023/11/06 18:35:30 messageHandle.go:94: S0N0 : received the Prepare ...
S0N0: 2023/11/06 18:35:30 messageHandle.go:94: S0N0 : received the Prepare ...
S0N0: 2023/11/06 18:35:30 messageHandle.go:125: S0N0 : is going to commit
S0N0: 2023/11/06 18:35:30 messageHandle.go:139: S0N0 : commit is broadcast
S0N0: 2023/11/06 18:35:30 messageHandle.go:94: S0N0 : received the Prepare ...
S0N0: 2023/11/06 18:35:30 messageHandle.go:151: S0N0 received the Commit from ...2
S0N0: 2023/11/06 18:35:30 messageHandle.go:151: S0N0 received the Commit from ...3
S0N0: 2023/11/06 18:35:30 messageHandle.go:163: S0N0 : has received 2f + 1 commits ... 
S0N0: 2023/11/06 18:35:30 pbftInside_module.go:59: S0N0 : adding the block 8...now height = 7 
S0N0: 2023/11/06 18:35:30 pbftInside_module.go:61: S0N0 : added the block 8... 
S0N0: 2023/11/06 18:35:30 pbftInside_module.go:66: S0N0 : main node is trying to send relay txs at height = 8 
S0N0: 2023/11/06 18:35:30 pbftInside_module.go:98: S0N0 : sended relay txs to 1
S0N0: 2023/11/06 18:35:30 pbftInside_module.go:119: S0N0 : sended excuted txs
S0N0: 2023/11/06 18:35:30 messageHandle.go:192: S0N0: this round of pbft 8 is end 
S0N0: 2023/11/06 18:35:30 messageHandle.go:199: S0N0 get sequenceLock unlocked...
S0N0: 2023/11/06 18:35:30 messageHandle.go:151: S0N0 received the Commit from ...1
S0N0: 2023/11/06 18:35:32 pbftOutside_module.go:34: S0N0 : has received relay txs from shard 1, the senderSeq is 9
S0N0: 2023/11/06 18:35:32 pbftOutside_module.go:39: S0N0 : has handled relay txs msg
S0N0: 2023/11/06 18:35:35 messageHandle.go:28: S0N0 get sequenceLock locked, now trying to propose...
S0N0: 2023/11/06 18:35:35 messageHandle.go:35: S0N0 put the request into the pool ...
S0N0: 2023/11/06 18:35:35 messageHandle.go:94: S0N0 : received the Prepare ...
S0N0: 2023/11/06 18:35:35 messageHandle.go:94: S0N0 : received the Prepare ...
S0N0: 2023/11/06 18:35:35 messageHandle.go:125: S0N0 : is going to commit
S0N0: 2023/11/06 18:35:35 messageHandle.go:139: S0N0 : commit is broadcast
S0N0: 2023/11/06 18:35:35 messageHandle.go:151: S0N0 received the Commit from ...3
S0N0: 2023/11/06 18:35:35 messageHandle.go:94: S0N0 : received the Prepare ...
S0N0: 2023/11/06 18:35:35 messageHandle.go:151: S0N0 received the Commit from ...2
S0N0: 2023/11/06 18:35:35 messageHandle.go:163: S0N0 : has received 2f + 1 commits ... 
S0N0: 2023/11/06 18:35:35 pbftInside_module.go:59: S0N0 : adding the block 9...now height = 8 
S0N0: 2023/11/06 18:35:35 pbftInside_module.go:61: S0N0 : added the block 9... 
S0N0: 2023/11/06 18:35:35 pbftInside_module.go:66: S0N0 : main node is trying to send relay txs at height = 9 
S0N0: 2023/11/06 18:35:35 pbftInside_module.go:98: S0N0 : sended relay txs to 1
S0N0: 2023/11/06 18:35:35 pbftInside_module.go:119: S0N0 : sended excuted txs
S0N0: 2023/11/06 18:35:35 messageHandle.go:192: S0N0: this round of pbft 9 is end 
S0N0: 2023/11/06 18:35:35 messageHandle.go:199: S0N0 get sequenceLock unlocked...
S0N0: 2023/11/06 18:35:35 messageHandle.go:151: S0N0 received the Commit from ...1
S0N0: 2023/11/06 18:35:37 pbftOutside_module.go:34: S0N0 : has received relay txs from shard 1, the senderSeq is 10
S0N0: 2023/11/06 18:35:37 pbftOutside_module.go:39: S0N0 : has handled relay txs msg
S0N0: 2023/11/06 18:35:40 messageHandle.go:28: S0N0 get sequenceLock locked, now trying to propose...
S0N0: 2023/11/06 18:35:40 messageHandle.go:35: S0N0 put the request into the pool ...
S0N0: 2023/11/06 18:35:40 messageHandle.go:94: S0N0 : received the Prepare ...
S0N0: 2023/11/06 18:35:40 messageHandle.go:94: S0N0 : received the Prepare ...
S0N0: 2023/11/06 18:35:40 messageHandle.go:125: S0N0 : is going to commit
S0N0: 2023/11/06 18:35:40 messageHandle.go:139: S0N0 : commit is broadcast
S0N0: 2023/11/06 18:35:40 messageHandle.go:151: S0N0 received the Commit from ...3
S0N0: 2023/11/06 18:35:40 messageHandle.go:151: S0N0 received the Commit from ...1
S0N0: 2023/11/06 18:35:40 messageHandle.go:163: S0N0 : has received 2f + 1 commits ... 
S0N0: 2023/11/06 18:35:40 pbftInside_module.go:59: S0N0 : adding the block 10...now height = 9 
S0N0: 2023/11/06 18:35:40 pbftInside_module.go:61: S0N0 : added the block 10... 
S0N0: 2023/11/06 18:35:40 pbftInside_module.go:66: S0N0 : main node is trying to send relay txs at height = 10 
S0N0: 2023/11/06 18:35:40 pbftInside_module.go:98: S0N0 : sended relay txs to 1
S0N0: 2023/11/06 18:35:40 pbftInside_module.go:119: S0N0 : sended excuted txs
S0N0: 2023/11/06 18:35:40 messageHandle.go:192: S0N0: this round of pbft 10 is end 
S0N0: 2023/11/06 18:35:40 messageHandle.go:199: S0N0 get sequenceLock unlocked...
S0N0: 2023/11/06 18:35:40 messageHandle.go:94: S0N0 : received the Prepare ...
S0N0: 2023/11/06 18:35:40 messageHandle.go:151: S0N0 received the Commit from ...2
S0N0: 2023/11/06 18:35:42 pbftOutside_module.go:34: S0N0 : has received relay txs from shard 1, the senderSeq is 11
S0N0: 2023/11/06 18:35:42 pbftOutside_module.go:39: S0N0 : has handled relay txs msg
S0N0: 2023/11/06 18:35:45 messageHandle.go:28: S0N0 get sequenceLock locked, now trying to propose...
S0N0: 2023/11/06 18:35:45 messageHandle.go:35: S0N0 put the request into the pool ...
S0N0: 2023/11/06 18:35:45 messageHandle.go:94: S0N0 : received the Prepare ...
S0N0: 2023/11/06 18:35:45 messageHandle.go:94: S0N0 : received the Prepare ...
S0N0: 2023/11/06 18:35:45 messageHandle.go:125: S0N0 : is going to commit
S0N0: 2023/11/06 18:35:45 messageHandle.go:139: S0N0 : commit is broadcast
S0N0: 2023/11/06 18:35:45 messageHandle.go:94: S0N0 : received the Prepare ...
S0N0: 2023/11/06 18:35:45 messageHandle.go:151: S0N0 received the Commit from ...2
S0N0: 2023/11/06 18:35:45 messageHandle.go:151: S0N0 received the Commit from ...3
S0N0: 2023/11/06 18:35:45 messageHandle.go:163: S0N0 : has received 2f + 1 commits ... 
S0N0: 2023/11/06 18:35:45 pbftInside_module.go:59: S0N0 : adding the block 11...now height = 10 
S0N0: 2023/11/06 18:35:45 pbftInside_module.go:61: S0N0 : added the block 11... 
S0N0: 2023/11/06 18:35:45 pbftInside_module.go:66: S0N0 : main node is trying to send relay txs at height = 11 
S0N0: 2023/11/06 18:35:45 pbftInside_module.go:98: S0N0 : sended relay txs to 1
S0N0: 2023/11/06 18:35:45 pbftInside_module.go:119: S0N0 : sended excuted txs
S0N0: 2023/11/06 18:35:45 messageHandle.go:192: S0N0: this round of pbft 11 is end 
S0N0: 2023/11/06 18:35:45 messageHandle.go:199: S0N0 get sequenceLock unlocked...
S0N0: 2023/11/06 18:35:45 messageHandle.go:151: S0N0 received the Commit from ...1
S0N0: 2023/11/06 18:35:47 pbftOutside_module.go:34: S0N0 : has received relay txs from shard 1, the senderSeq is 12
S0N0: 2023/11/06 18:35:47 pbftOutside_module.go:39: S0N0 : has handled relay txs msg
S0N0: 2023/11/06 18:35:50 messageHandle.go:28: S0N0 get sequenceLock locked, now trying to propose...
S0N0: 2023/11/06 18:35:50 messageHandle.go:35: S0N0 put the request into the pool ...
S0N0: 2023/11/06 18:35:50 messageHandle.go:94: S0N0 : received the Prepare ...
S0N0: 2023/11/06 18:35:50 messageHandle.go:94: S0N0 : received the Prepare ...
S0N0: 2023/11/06 18:35:50 messageHandle.go:125: S0N0 : is going to commit
S0N0: 2023/11/06 18:35:50 messageHandle.go:139: S0N0 : commit is broadcast
S0N0: 2023/11/06 18:35:50 messageHandle.go:151: S0N0 received the Commit from ...2
S0N0: 2023/11/06 18:35:50 messageHandle.go:94: S0N0 : received the Prepare ...
S0N0: 2023/11/06 18:35:50 messageHandle.go:151: S0N0 received the Commit from ...3
S0N0: 2023/11/06 18:35:50 messageHandle.go:163: S0N0 : has received 2f + 1 commits ... 
S0N0: 2023/11/06 18:35:50 pbftInside_module.go:59: S0N0 : adding the block 12...now height = 11 
S0N0: 2023/11/06 18:35:50 pbftInside_module.go:61: S0N0 : added the block 12... 
S0N0: 2023/11/06 18:35:50 pbftInside_module.go:66: S0N0 : main node is trying to send relay txs at height = 12 
S0N0: 2023/11/06 18:35:50 pbftInside_module.go:98: S0N0 : sended relay txs to 1
S0N0: 2023/11/06 18:35:50 pbftInside_module.go:119: S0N0 : sended excuted txs
S0N0: 2023/11/06 18:35:50 messageHandle.go:192: S0N0: this round of pbft 12 is end 
S0N0: 2023/11/06 18:35:50 messageHandle.go:199: S0N0 get sequenceLock unlocked...
S0N0: 2023/11/06 18:35:50 messageHandle.go:151: S0N0 received the Commit from ...1
S0N0: 2023/11/06 18:35:52 pbftOutside_module.go:34: S0N0 : has received relay txs from shard 1, the senderSeq is 13
S0N0: 2023/11/06 18:35:52 pbftOutside_module.go:39: S0N0 : has handled relay txs msg
S0N0: 2023/11/06 18:35:52 pbft.go:253: handling stop message
S0N0: 2023/11/06 18:35:55 messageHandle.go:28: S0N0 get sequenceLock locked, now trying to propose...
S0N0: 2023/11/06 18:35:55 messageHandle.go:35: S0N0 put the request into the pool ...
S0N0: 2023/11/06 18:35:55 messageHandle.go:21: S0N0 stop...
:94: S0N0 : received the Prepare ...
S0N0: 2023/11/06 18:02:06 messageHandle.go:125: S0N0 : is going to commit
S0N0: 2023/11/06 18:02:06 messageHandle.go:139: S0N0 : commit is broadcast
S0N0: 2023/11/06 18:02:06 messageHandle.go:94: S0N0 : received the Prepare ...
S0N0: 2023/11/06 18:02:06 messageHandle.go:151: S0N0 received the Commit from ...2
S0N0: 2023/11/06 18:02:06 messageHandle.go:151: S0N0 received the Commit from ...3
S0N0: 2023/11/06 18:02:06 messageHandle.go:163: S0N0 : has received 2f + 1 commits ... 
S0N0: 2023/11/06 18:02:06 pbftInside_module.go:59: S0N0 : adding the block 13...now height = 12 
S0N0: 2023/11/06 18:02:06 pbftInside_module.go:61: S0N0 : added the block 13... 
S0N0: 2023/11/06 18:02:06 pbftInside_module.go:66: S0N0 : main node is trying to send relay txs at height = 13 
S0N0: 2023/11/06 18:02:06 pbftInside_module.go:98: S0N0 : sended relay txs to 1
S0N0: 2023/11/06 18:02:06 pbftInside_module.go:119: S0N0 : sended excuted txs
S0N0: 2023/11/06 18:02:06 messageHandle.go:192: S0N0: this round of pbft 13 is end 
S0N0: 2023/11/06 18:02:06 messageHandle.go:199: S0N0 get sequenceLock unlocked...
S0N0: 2023/11/06 18:02:06 messageHandle.go:151: S0N0 received the Commit from ...1
S0N0: 2023/11/06 18:02:11 pbftOutside_module.go:34: S0N0 : has received relay txs from shard 1, the senderSeq is 14
S0N0: 2023/11/06 18:02:11 pbftOutside_module.go:39: S0N0 : has handled relay txs msg
S0N0: 2023/11/06 18:02:11 messageHandle.go:28: S0N0 get sequenceLock locked, now trying to propose...
S0N0: 2023/11/06 18:02:11 messageHandle.go:35: S0N0 put the request into the pool ...
S0N0: 2023/11/06 18:02:11 messageHandle.go:94: S0N0 : received the Prepare ...
S0N0: 2023/11/06 18:02:11 messageHandle.go:94: S0N0 : received the Prepare ...
S0N0: 2023/11/06 18:02:11 messageHandle.go:125: S0N0 : is going to commit
S0N0: 2023/11/06 18:02:11 messageHandle.go:139: S0N0 : commit is broadcast
S0N0: 2023/11/06 18:02:11 messageHandle.go:151: S0N0 received the Commit from ...1
S0N0: 2023/11/06 18:02:11 messageHandle.go:151: S0N0 received the Commit from ...3
S0N0: 2023/11/06 18:02:11 messageHandle.go:163: S0N0 : has received 2f + 1 commits ... 
S0N0: 2023/11/06 18:02:11 pbftInside_module.go:59: S0N0 : adding the block 14...now height = 13 
S0N0: 2023/11/06 18:02:11 pbftInside_module.go:61: S0N0 : added the block 14... 
S0N0: 2023/11/06 18:02:11 pbftInside_module.go:66: S0N0 : main node is trying to send relay txs at height = 14 
S0N0: 2023/11/06 18:02:11 pbftInside_module.go:98: S0N0 : sended relay txs to 1
S0N0: 2023/11/06 18:02:11 pbftInside_module.go:119: S0N0 : sended excuted txs
S0N0: 2023/11/06 18:02:11 messageHandle.go:192: S0N0: this round of pbft 14 is end 
S0N0: 2023/11/06 18:02:11 messageHandle.go:199: S0N0 get sequenceLock unlocked...
S0N0: 2023/11/06 18:02:11 messageHandle.go:94: S0N0 : received the Prepare ...
S0N0: 2023/11/06 18:02:11 messageHandle.go:151: S0N0 received the Commit from ...2
S0N0: 2023/11/06 18:02:16 pbftOutside_module.go:34: S0N0 : has received relay txs from shard 1, the senderSeq is 15
S0N0: 2023/11/06 18:02:16 pbftOutside_module.go:39: S0N0 : has handled relay txs msg
S0N0: 2023/11/06 18:02:16 messageHandle.go:28: S0N0 get sequenceLock locked, now trying to propose...
S0N0: 2023/11/06 18:02:16 messageHandle.go:35: S0N0 put the request into the pool ...
S0N0: 2023/11/06 18:02:16 messageHandle.go:94: S0N0 : received the Prepare ...
S0N0: 2023/11/06 18:02:16 messageHandle.go:94: S0N0 : received the Prepare ...
S0N0: 2023/11/06 18:02:16 messageHandle.go:125: S0N0 : is going to commit
S0N0: 2023/11/06 18:02:16 messageHandle.go:139: S0N0 : commit is broadcast
S0N0: 2023/11/06 18:02:16 messageHandle.go:151: S0N0 received the Commit from ...1
S0N0: 2023/11/06 18:02:16 messageHandle.go:94: S0N0 : received the Prepare ...
S0N0: 2023/11/06 18:02:16 messageHandle.go:151: S0N0 received the Commit from ...2
S0N0: 2023/11/06 18:02:16 messageHandle.go:163: S0N0 : has received 2f + 1 commits ... 
S0N0: 2023/11/06 18:02:16 pbftInside_module.go:59: S0N0 : adding the block 15...now height = 14 
S0N0: 2023/11/06 18:02:16 pbftInside_module.go:61: S0N0 : added the block 15... 
S0N0: 2023/11/06 18:02:16 pbftInside_module.go:66: S0N0 : main node is trying to send relay txs at height = 15 
S0N0: 2023/11/06 18:02:16 pbftInside_module.go:98: S0N0 : sended relay txs to 1
S0N0: 2023/11/06 18:02:16 pbftInside_module.go:119: S0N0 : sended excuted txs
S0N0: 2023/11/06 18:02:16 messageHandle.go:192: S0N0: this round of pbft 15 is end 
S0N0: 2023/11/06 18:02:16 messageHandle.go:199: S0N0 get sequenceLock unlocked...
S0N0: 2023/11/06 18:02:16 messageHandle.go:151: S0N0 received the Commit from ...3
S0N0: 2023/11/06 18:02:21 pbftOutside_module.go:34: S0N0 : has received relay txs from shard 1, the senderSeq is 16
S0N0: 2023/11/06 18:02:21 pbftOutside_module.go:39: S0N0 : has handled relay txs msg
S0N0: 2023/11/06 18:02:21 messageHandle.go:28: S0N0 get sequenceLock locked, now trying to propose...
S0N0: 2023/11/06 18:02:21 messageHandle.go:35: S0N0 put the request into the pool ...
S0N0: 2023/11/06 18:02:21 messageHandle.go:94: S0N0 : received the Prepare ...
S0N0: 2023/11/06 18:02:21 messageHandle.go:94: S0N0 : received the Prepare ...
S0N0: 2023/11/06 18:02:21 messageHandle.go:125: S0N0 : is going to commit
S0N0: 2023/11/06 18:02:21 messageHandle.go:139: S0N0 : commit is broadcast
S0N0: 2023/11/06 18:02:21 messageHandle.go:151: S0N0 received the Commit from ...2
S0N0: 2023/11/06 18:02:21 messageHandle.go:94: S0N0 : received the Prepare ...
S0N0: 2023/11/06 18:02:21 messageHandle.go:151: S0N0 received the Commit from ...3
S0N0: 2023/11/06 18:02:21 messageHandle.go:163: S0N0 : has received 2f + 1 commits ... 
S0N0: 2023/11/06 18:02:21 pbftInside_module.go:59: S0N0 : adding the block 16...now height = 15 
S0N0: 2023/11/06 18:02:21 pbftInside_module.go:61: S0N0 : added the block 16... 
S0N0: 2023/11/06 18:02:21 pbftInside_module.go:66: S0N0 : main node is trying to send relay txs at height = 16 
S0N0: 2023/11/06 18:02:21 pbftInside_module.go:98: S0N0 : sended relay txs to 1
S0N0: 2023/11/06 18:02:21 pbftInside_module.go:119: S0N0 : sended excuted txs
S0N0: 2023/11/06 18:02:21 messageHandle.go:192: S0N0: this round of pbft 16 is end 
S0N0: 2023/11/06 18:02:21 messageHandle.go:199: S0N0 get sequenceLock unlocked...
S0N0: 2023/11/06 18:02:21 messageHandle.go:151: S0N0 received the Commit from ...1
S0N0: 2023/11/06 18:02:21 pbft.go:253: handling stop message
S0N0: 2023/11/06 18:02:26 messageHandle.go:28: S0N0 get sequenceLock locked, now trying to propose...
S0N0: 2023/11/06 18:02:26 messageHandle.go:35: S0N0 put the request into the pool ...
S0N0: 2023/11/06 18:02:26 messageHandle.go:21: S0N0 stop...
5 messageHandle.go:151: S0N0 received the Commit from ...1
S0N0: 2023/11/06 14:31:40 messageHandle.go:28: S0N0 get sequenceLock locked, now trying to propose...
S0N0: 2023/11/06 14:31:40 messageHandle.go:35: S0N0 put the request into the pool ...
S0N0: 2023/11/06 14:31:40 messageHandle.go:94: S0N0 : received the Prepare ...
S0N0: 2023/11/06 14:31:40 messageHandle.go:94: S0N0 : received the Prepare ...
S0N0: 2023/11/06 14:31:40 messageHandle.go:125: S0N0 : is going to commit
S0N0: 2023/11/06 14:31:40 messageHandle.go:139: S0N0 : commit is broadcast
S0N0: 2023/11/06 14:31:40 messageHandle.go:151: S0N0 received the Commit from ...3
S0N0: 2023/11/06 14:31:40 messageHandle.go:94: S0N0 : received the Prepare ...
S0N0: 2023/11/06 14:31:40 messageHandle.go:151: S0N0 received the Commit from ...1
S0N0: 2023/11/06 14:31:40 messageHandle.go:163: S0N0 : has received 2f + 1 commits ... 
S0N0: 2023/11/06 14:31:40 pbftInside_module.go:59: S0N0 : adding the block 20...now height = 19 
S0N0: 2023/11/06 14:31:40 pbftInside_module.go:61: S0N0 : added the block 20... 
S0N0: 2023/11/06 14:31:40 pbftInside_module.go:66: S0N0 : main node is trying to send relay txs at height = 20 
S0N0: 2023/11/06 14:31:40 pbftInside_module.go:98: S0N0 : sended relay txs to 1
S0N0: 2023/11/06 14:31:40 pbftInside_module.go:119: S0N0 : sended excuted txs
S0N0: 2023/11/06 14:31:40 messageHandle.go:192: S0N0: this round of pbft 20 is end 
S0N0: 2023/11/06 14:31:40 messageHandle.go:199: S0N0 get sequenceLock unlocked...
S0N0: 2023/11/06 14:31:40 messageHandle.go:151: S0N0 received the Commit from ...2
S0N0: 2023/11/06 14:31:45 messageHandle.go:28: S0N0 get sequenceLock locked, now trying to propose...
S0N0: 2023/11/06 14:31:45 messageHandle.go:35: S0N0 put the request into the pool ...
S0N0: 2023/11/06 14:31:45 messageHandle.go:94: S0N0 : received the Prepare ...
S0N0: 2023/11/06 14:31:45 messageHandle.go:94: S0N0 : received the Prepare ...
S0N0: 2023/11/06 14:31:45 messageHandle.go:125: S0N0 : is going to commit
S0N0: 2023/11/06 14:31:45 messageHandle.go:139: S0N0 : commit is broadcast
S0N0: 2023/11/06 14:31:45 messageHandle.go:151: S0N0 received the Commit from ...1
S0N0: 2023/11/06 14:31:45 messageHandle.go:94: S0N0 : received the Prepare ...
S0N0: 2023/11/06 14:31:45 messageHandle.go:151: S0N0 received the Commit from ...2
S0N0: 2023/11/06 14:31:45 messageHandle.go:163: S0N0 : has received 2f + 1 commits ... 
S0N0: 2023/11/06 14:31:45 pbftInside_module.go:59: S0N0 : adding the block 21...now height = 20 
S0N0: 2023/11/06 14:31:45 pbftInside_module.go:61: S0N0 : added the block 21... 
S0N0: 2023/11/06 14:31:45 pbftInside_module.go:66: S0N0 : main node is trying to send relay txs at height = 21 
S0N0: 2023/11/06 14:31:45 pbftInside_module.go:98: S0N0 : sended relay txs to 1
S0N0: 2023/11/06 14:31:45 pbftInside_module.go:119: S0N0 : sended excuted txs
S0N0: 2023/11/06 14:31:45 messageHandle.go:192: S0N0: this round of pbft 21 is end 
S0N0: 2023/11/06 14:31:45 messageHandle.go:199: S0N0 get sequenceLock unlocked...
S0N0: 2023/11/06 14:31:45 messageHandle.go:151: S0N0 received the Commit from ...3
S0N0: 2023/11/06 14:31:50 messageHandle.go:28: S0N0 get sequenceLock locked, now trying to propose...
S0N0: 2023/11/06 14:31:50 messageHandle.go:35: S0N0 put the request into the pool ...
S0N0: 2023/11/06 14:31:50 messageHandle.go:94: S0N0 : received the Prepare ...
S0N0: 2023/11/06 14:31:50 messageHandle.go:94: S0N0 : received the Prepare ...
S0N0: 2023/11/06 14:31:50 messageHandle.go:125: S0N0 : is going to commit
S0N0: 2023/11/06 14:31:50 messageHandle.go:139: S0N0 : commit is broadcast
S0N0: 2023/11/06 14:31:50 messageHandle.go:151: S0N0 received the Commit from ...2
S0N0: 2023/11/06 14:31:50 messageHandle.go:94: S0N0 : received the Prepare ...
S0N0: 2023/11/06 14:31:50 messageHandle.go:151: S0N0 received the Commit from ...1
S0N0: 2023/11/06 14:31:50 messageHandle.go:163: S0N0 : has received 2f + 1 commits ... 
S0N0: 2023/11/06 14:31:50 pbftInside_module.go:59: S0N0 : adding the block 22...now height = 21 
S0N0: 2023/11/06 14:31:50 pbftInside_module.go:61: S0N0 : added the block 22... 
S0N0: 2023/11/06 14:31:50 pbftInside_module.go:66: S0N0 : main node is trying to send relay txs at height = 22 
S0N0: 2023/11/06 14:31:50 pbftInside_module.go:98: S0N0 : sended relay txs to 1
S0N0: 2023/11/06 14:31:50 pbftInside_module.go:119: S0N0 : sended excuted txs
S0N0: 2023/11/06 14:31:50 messageHandle.go:192: S0N0: this round of pbft 22 is end 
S0N0: 2023/11/06 14:31:50 messageHandle.go:199: S0N0 get sequenceLock unlocked...
S0N0: 2023/11/06 14:31:50 messageHandle.go:151: S0N0 received the Commit from ...3
S0N0: 2023/11/06 14:31:55 messageHandle.go:28: S0N0 get sequenceLock locked, now trying to propose...
S0N0: 2023/11/06 14:31:55 messageHandle.go:35: S0N0 put the request into the pool ...
S0N0: 2023/11/06 14:31:55 messageHandle.go:94: S0N0 : received the Prepare ...
S0N0: 2023/11/06 14:31:55 messageHandle.go:94: S0N0 : received the Prepare ...
S0N0: 2023/11/06 14:31:55 messageHandle.go:125: S0N0 : is going to commit
S0N0: 2023/11/06 14:31:55 messageHandle.go:139: S0N0 : commit is broadcast
S0N0: 2023/11/06 14:31:55 messageHandle.go:94: S0N0 : received the Prepare ...
S0N0: 2023/11/06 14:31:55 messageHandle.go:151: S0N0 received the Commit from ...2
S0N0: 2023/11/06 14:31:55 messageHandle.go:151: S0N0 received the Commit from ...3
S0N0: 2023/11/06 14:31:55 messageHandle.go:163: S0N0 : has received 2f + 1 commits ... 
S0N0: 2023/11/06 14:31:55 pbftInside_module.go:59: S0N0 : adding the block 23...now height = 22 
S0N0: 2023/11/06 14:31:55 pbftInside_module.go:61: S0N0 : added the block 23... 
S0N0: 2023/11/06 14:31:55 pbftInside_module.go:66: S0N0 : main node is trying to send relay txs at height = 23 
S0N0: 2023/11/06 14:31:55 pbftInside_module.go:98: S0N0 : sended relay txs to 1
S0N0: 2023/11/06 14:31:55 pbftInside_module.go:119: S0N0 : sended excuted txs
S0N0: 2023/11/06 14:31:55 messageHandle.go:192: S0N0: this round of pbft 23 is end 
S0N0: 2023/11/06 14:31:55 messageHandle.go:199: S0N0 get sequenceLock unlocked...
S0N0: 2023/11/06 14:31:55 messageHandle.go:151: S0N0 received the Commit from ...1
S0N0: 2023/11/06 14:32:00 messageHandle.go:28: S0N0 get sequenceLock locked, now trying to propose...
S0N0: 2023/11/06 14:32:00 messageHandle.go:35: S0N0 put the request into the pool ...
S0N0: 2023/11/06 14:32:00 messageHandle.go:94: S0N0 : received the Prepare ...
S0N0: 2023/11/06 14:32:00 messageHandle.go:94: S0N0 : received the Prepare ...
S0N0: 2023/11/06 14:32:00 messageHandle.go:125: S0N0 : is going to commit
S0N0: 2023/11/06 14:32:00 messageHandle.go:139: S0N0 : commit is broadcast
S0N0: 2023/11/06 14:32:00 messageHandle.go:151: S0N0 received the Commit from ...1
S0N0: 2023/11/06 14:32:00 messageHandle.go:94: S0N0 : received the Prepare ...
S0N0: 2023/11/06 14:32:00 messageHandle.go:151: S0N0 received the Commit from ...3
S0N0: 2023/11/06 14:32:00 messageHandle.go:163: S0N0 : has received 2f + 1 commits ... 
S0N0: 2023/11/06 14:32:00 pbftInside_module.go:59: S0N0 : adding the block 24...now height = 23 
S0N0: 2023/11/06 14:32:00 pbftInside_module.go:61: S0N0 : added the block 24... 
S0N0: 2023/11/06 14:32:00 pbftInside_module.go:66: S0N0 : main node is trying to send relay txs at height = 24 
S0N0: 2023/11/06 14:32:00 pbftInside_module.go:98: S0N0 : sended relay txs to 1
S0N0: 2023/11/06 14:32:00 pbftInside_module.go:119: S0N0 : sended excuted txs
S0N0: 2023/11/06 14:32:00 messageHandle.go:192: S0N0: this round of pbft 24 is end 
S0N0: 2023/11/06 14:32:00 messageHandle.go:199: S0N0 get sequenceLock unlocked...
S0N0: 2023/11/06 14:32:00 messageHandle.go:151: S0N0 received the Commit from ...2
S0N0: 2023/11/06 14:32:05 messageHandle.go:28: S0N0 get sequenceLock locked, now trying to propose...
S0N0: 2023/11/06 14:32:05 messageHandle.go:35: S0N0 put the request into the pool ...
S0N0: 2023/11/06 14:32:05 messageHandle.go:94: S0N0 : received the Prepare ...
S0N0: 2023/11/06 14:32:05 messageHandle.go:94: S0N0 : received the Prepare ...
S0N0: 2023/11/06 14:32:05 messageHandle.go:125: S0N0 : is going to commit
S0N0: 2023/11/06 14:32:05 messageHandle.go:139: S0N0 : commit is broadcast
S0N0: 2023/11/06 14:32:05 messageHandle.go:151: S0N0 received the Commit from ...1
S0N0: 2023/11/06 14:32:05 messageHandle.go:94: S0N0 : received the Prepare ...
S0N0: 2023/11/06 14:32:05 messageHandle.go:151: S0N0 received the Commit from ...2
S0N0: 2023/11/06 14:32:05 messageHandle.go:163: S0N0 : has received 2f + 1 commits ... 
S0N0: 2023/11/06 14:32:05 pbftInside_module.go:59: S0N0 : adding the block 25...now height = 24 
S0N0: 2023/11/06 14:32:05 pbftInside_module.go:61: S0N0 : added the block 25... 
S0N0: 2023/11/06 14:32:05 pbftInside_module.go:66: S0N0 : main node is trying to send relay txs at height = 25 
S0N0: 2023/11/06 14:32:05 pbftInside_module.go:98: S0N0 : sended relay txs to 1
S0N0: 2023/11/06 14:32:05 pbftInside_module.go:119: S0N0 : sended excuted txs
S0N0: 2023/11/06 14:32:05 messageHandle.go:192: S0N0: this round of pbft 25 is end 
S0N0: 2023/11/06 14:32:05 messageHandle.go:199: S0N0 get sequenceLock unlocked...
S0N0: 2023/11/06 14:32:05 messageHandle.go:151: S0N0 received the Commit from ...3
S0N0: 2023/11/06 14:32:10 messageHandle.go:28: S0N0 get sequenceLock locked, now trying to propose...
S0N0: 2023/11/06 14:32:10 messageHandle.go:35: S0N0 put the request into the pool ...
S0N0: 2023/11/06 14:32:10 messageHandle.go:94: S0N0 : received the Prepare ...
S0N0: 2023/11/06 14:32:10 messageHandle.go:94: S0N0 : received the Prepare ...
S0N0: 2023/11/06 14:32:10 messageHandle.go:125: S0N0 : is going to commit
S0N0: 2023/11/06 14:32:10 messageHandle.go:139: S0N0 : commit is broadcast
S0N0: 2023/11/06 14:32:10 messageHandle.go:151: S0N0 received the Commit from ...3
S0N0: 2023/11/06 14:32:10 messageHandle.go:94: S0N0 : received the Prepare ...
S0N0: 2023/11/06 14:32:10 messageHandle.go:151: S0N0 received the Commit from ...2
S0N0: 2023/11/06 14:32:10 messageHandle.go:163: S0N0 : has received 2f + 1 commits ... 
S0N0: 2023/11/06 14:32:10 pbftInside_module.go:59: S0N0 : adding the block 26...now height = 25 
S0N0: 2023/11/06 14:32:10 pbftInside_module.go:61: S0N0 : added the block 26... 
S0N0: 2023/11/06 14:32:10 pbftInside_module.go:66: S0N0 : main node is trying to send relay txs at height = 26 
S0N0: 2023/11/06 14:32:10 pbftInside_module.go:98: S0N0 : sended relay txs to 1
S0N0: 2023/11/06 14:32:10 pbftInside_module.go:119: S0N0 : sended excuted txs
S0N0: 2023/11/06 14:32:10 messageHandle.go:192: S0N0: this round of pbft 26 is end 
S0N0: 2023/11/06 14:32:10 messageHandle.go:199: S0N0 get sequenceLock unlocked...
S0N0: 2023/11/06 14:32:10 messageHandle.go:151: S0N0 received the Commit from ...1
S0N0: 2023/11/06 14:32:15 messageHandle.go:28: S0N0 get sequenceLock locked, now trying to propose...
S0N0: 2023/11/06 14:32:15 messageHandle.go:35: S0N0 put the request into the pool ...
S0N0: 2023/11/06 14:32:15 messageHandle.go:94: S0N0 : received the Prepare ...
S0N0: 2023/11/06 14:32:15 messageHandle.go:94: S0N0 : received the Prepare ...
S0N0: 2023/11/06 14:32:15 messageHandle.go:125: S0N0 : is going to commit
S0N0: 2023/11/06 14:32:15 messageHandle.go:139: S0N0 : commit is broadcast
S0N0: 2023/11/06 14:32:15 messageHandle.go:151: S0N0 received the Commit from ...3
S0N0: 2023/11/06 14:32:15 messageHandle.go:94: S0N0 : received the Prepare ...
S0N0: 2023/11/06 14:32:15 messageHandle.go:151: S0N0 received the Commit from ...1
S0N0: 2023/11/06 14:32:15 messageHandle.go:163: S0N0 : has received 2f + 1 commits ... 
S0N0: 2023/11/06 14:32:15 pbftInside_module.go:59: S0N0 : adding the block 27...now height = 26 
S0N0: 2023/11/06 14:32:15 pbftInside_module.go:61: S0N0 : added the block 27... 
S0N0: 2023/11/06 14:32:15 pbftInside_module.go:66: S0N0 : main node is trying to send relay txs at height = 27 
S0N0: 2023/11/06 14:32:15 pbftInside_module.go:98: S0N0 : sended relay txs to 1
S0N0: 2023/11/06 14:32:15 pbftInside_module.go:119: S0N0 : sended excuted txs
S0N0: 2023/11/06 14:32:15 messageHandle.go:192: S0N0: this round of pbft 27 is end 
S0N0: 2023/11/06 14:32:15 messageHandle.go:199: S0N0 get sequenceLock unlocked...
S0N0: 2023/11/06 14:32:15 messageHandle.go:151: S0N0 received the Commit from ...2
S0N0: 2023/11/06 14:32:20 messageHandle.go:28: S0N0 get sequenceLock locked, now trying to propose...
S0N0: 2023/11/06 14:32:20 messageHandle.go:35: S0N0 put the request into the pool ...
S0N0: 2023/11/06 14:32:20 messageHandle.go:94: S0N0 : received the Prepare ...
S0N0: 2023/11/06 14:32:20 messageHandle.go:94: S0N0 : received the Prepare ...
S0N0: 2023/11/06 14:32:20 messageHandle.go:125: S0N0 : is going to commit
S0N0: 2023/11/06 14:32:20 messageHandle.go:139: S0N0 : commit is broadcast
S0N0: 2023/11/06 14:32:20 messageHandle.go:151: S0N0 received the Commit from ...1
S0N0: 2023/11/06 14:32:20 messageHandle.go:94: S0N0 : received the Prepare ...
S0N0: 2023/11/06 14:32:20 messageHandle.go:151: S0N0 received the Commit from ...3
S0N0: 2023/11/06 14:32:20 messageHandle.go:163: S0N0 : has received 2f + 1 commits ... 
S0N0: 2023/11/06 14:32:20 pbftInside_module.go:59: S0N0 : adding the block 28...now height = 27 
S0N0: 2023/11/06 14:32:20 pbftInside_module.go:61: S0N0 : added the block 28... 
S0N0: 2023/11/06 14:32:20 pbftInside_module.go:66: S0N0 : main node is trying to send relay txs at height = 28 
S0N0: 2023/11/06 14:32:20 pbftInside_module.go:98: S0N0 : sended relay txs to 1
S0N0: 2023/11/06 14:32:20 pbftInside_module.go:119: S0N0 : sended excuted txs
S0N0: 2023/11/06 14:32:20 messageHandle.go:192: S0N0: this round of pbft 28 is end 
S0N0: 2023/11/06 14:32:20 messageHandle.go:199: S0N0 get sequenceLock unlocked...
S0N0: 2023/11/06 14:32:20 messageHandle.go:151: S0N0 received the Commit from ...2
S0N0: 2023/11/06 14:32:25 messageHandle.go:28: S0N0 get sequenceLock locked, now trying to propose...
S0N0: 2023/11/06 14:32:25 messageHandle.go:35: S0N0 put the request into the pool ...
S0N0: 2023/11/06 14:32:25 messageHandle.go:94: S0N0 : received the Prepare ...
S0N0: 2023/11/06 14:32:25 messageHandle.go:94: S0N0 : received the Prepare ...
S0N0: 2023/11/06 14:32:25 messageHandle.go:125: S0N0 : is going to commit
S0N0: 2023/11/06 14:32:25 messageHandle.go:139: S0N0 : commit is broadcast
S0N0: 2023/11/06 14:32:25 messageHandle.go:94: S0N0 : received the Prepare ...
S0N0: 2023/11/06 14:32:25 messageHandle.go:151: S0N0 received the Commit from ...3
S0N0: 2023/11/06 14:32:25 messageHandle.go:151: S0N0 received the Commit from ...1
S0N0: 2023/11/06 14:32:25 messageHandle.go:163: S0N0 : has received 2f + 1 commits ... 
S0N0: 2023/11/06 14:32:25 pbftInside_module.go:59: S0N0 : adding the block 29...now height = 28 
S0N0: 2023/11/06 14:32:25 pbftInside_module.go:61: S0N0 : added the block 29... 
S0N0: 2023/11/06 14:32:25 pbftInside_module.go:66: S0N0 : main node is trying to send relay txs at height = 29 
S0N0: 2023/11/06 14:32:25 pbftInside_module.go:98: S0N0 : sended relay txs to 1
S0N0: 2023/11/06 14:32:25 pbftInside_module.go:119: S0N0 : sended excuted txs
S0N0: 2023/11/06 14:32:25 messageHandle.go:192: S0N0: this round of pbft 29 is end 
S0N0: 2023/11/06 14:32:25 messageHandle.go:199: S0N0 get sequenceLock unlocked...
S0N0: 2023/11/06 14:32:25 messageHandle.go:151: S0N0 received the Commit from ...2
S0N0: 2023/11/06 14:32:30 messageHandle.go:28: S0N0 get sequenceLock locked, now trying to propose...
S0N0: 2023/11/06 14:32:30 messageHandle.go:35: S0N0 put the request into the pool ...
S0N0: 2023/11/06 14:32:30 messageHandle.go:94: S0N0 : received the Prepare ...
S0N0: 2023/11/06 14:32:30 messageHandle.go:94: S0N0 : received the Prepare ...
S0N0: 2023/11/06 14:32:30 messageHandle.go:125: S0N0 : is going to commit
S0N0: 2023/11/06 14:32:30 messageHandle.go:139: S0N0 : commit is broadcast
S0N0: 2023/11/06 14:32:30 messageHandle.go:151: S0N0 received the Commit from ...2
S0N0: 2023/11/06 14:32:30 messageHandle.go:94: S0N0 : received the Prepare ...
S0N0: 2023/11/06 14:32:30 messageHandle.go:151: S0N0 received the Commit from ...1
S0N0: 2023/11/06 14:32:30 messageHandle.go:163: S0N0 : has received 2f + 1 commits ... 
S0N0: 2023/11/06 14:32:30 pbftInside_module.go:59: S0N0 : adding the block 30...now height = 29 
S0N0: 2023/11/06 14:32:30 pbftInside_module.go:61: S0N0 : added the block 30... 
S0N0: 2023/11/06 14:32:30 pbftInside_module.go:66: S0N0 : main node is trying to send relay txs at height = 30 
S0N0: 2023/11/06 14:32:30 pbftInside_module.go:98: S0N0 : sended relay txs to 1
S0N0: 2023/11/06 14:32:30 pbftInside_module.go:119: S0N0 : sended excuted txs
S0N0: 2023/11/06 14:32:30 messageHandle.go:192: S0N0: this round of pbft 30 is end 
S0N0: 2023/11/06 14:32:30 messageHandle.go:199: S0N0 get sequenceLock unlocked...
S0N0: 2023/11/06 14:32:30 messageHandle.go:151: S0N0 received the Commit from ...3
S0N0: 2023/11/06 14:32:35 messageHandle.go:28: S0N0 get sequenceLock locked, now trying to propose...
S0N0: 2023/11/06 14:32:35 messageHandle.go:35: S0N0 put the request into the pool ...
S0N0: 2023/11/06 14:32:35 messageHandle.go:94: S0N0 : received the Prepare ...
S0N0: 2023/11/06 14:32:35 messageHandle.go:94: S0N0 : received the Prepare ...
S0N0: 2023/11/06 14:32:35 messageHandle.go:125: S0N0 : is going to commit
S0N0: 2023/11/06 14:32:35 messageHandle.go:139: S0N0 : commit is broadcast
S0N0: 2023/11/06 14:32:35 messageHandle.go:94: S0N0 : received the Prepare ...
S0N0: 2023/11/06 14:32:35 messageHandle.go:151: S0N0 received the Commit from ...2
S0N0: 2023/11/06 14:32:35 messageHandle.go:151: S0N0 received the Commit from ...1
S0N0: 2023/11/06 14:32:35 messageHandle.go:163: S0N0 : has received 2f + 1 commits ... 
S0N0: 2023/11/06 14:32:35 pbftInside_module.go:59: S0N0 : adding the block 31...now height = 30 
S0N0: 2023/11/06 14:32:35 pbftInside_module.go:61: S0N0 : added the block 31... 
S0N0: 2023/11/06 14:32:35 pbftInside_module.go:66: S0N0 : main node is trying to send relay txs at height = 31 
S0N0: 2023/11/06 14:32:35 pbftInside_module.go:98: S0N0 : sended relay txs to 1
S0N0: 2023/11/06 14:32:35 pbftInside_module.go:119: S0N0 : sended excuted txs
S0N0: 2023/11/06 14:32:35 messageHandle.go:192: S0N0: this round of pbft 31 is end 
S0N0: 2023/11/06 14:32:35 messageHandle.go:199: S0N0 get sequenceLock unlocked...
S0N0: 2023/11/06 14:32:35 messageHandle.go:151: S0N0 received the Commit from ...3
S0N0: 2023/11/06 14:32:40 messageHandle.go:28: S0N0 get sequenceLock locked, now trying to propose...
S0N0: 2023/11/06 14:32:40 messageHandle.go:35: S0N0 put the request into the pool ...
S0N0: 2023/11/06 14:32:40 messageHandle.go:94: S0N0 : received the Prepare ...
S0N0: 2023/11/06 14:32:40 messageHandle.go:94: S0N0 : received the Prepare ...
S0N0: 2023/11/06 14:32:40 messageHandle.go:125: S0N0 : is going to commit
S0N0: 2023/11/06 14:32:40 messageHandle.go:139: S0N0 : commit is broadcast
S0N0: 2023/11/06 14:32:40 messageHandle.go:151: S0N0 received the Commit from ...1
S0N0: 2023/11/06 14:32:40 messageHandle.go:94: S0N0 : received the Prepare ...
S0N0: 2023/11/06 14:32:40 messageHandle.go:151: S0N0 received the Commit from ...2
S0N0: 2023/11/06 14:32:40 messageHandle.go:163: S0N0 : has received 2f + 1 commits ... 
S0N0: 2023/11/06 14:32:40 pbftInside_module.go:59: S0N0 : adding the block 32...now height = 31 
S0N0: 2023/11/06 14:32:40 pbftInside_module.go:61: S0N0 : added the block 32... 
S0N0: 2023/11/06 14:32:40 pbftInside_module.go:66: S0N0 : main node is trying to send relay txs at height = 32 
S0N0: 2023/11/06 14:32:40 pbftInside_module.go:98: S0N0 : sended relay txs to 1
S0N0: 2023/11/06 14:32:40 pbftInside_module.go:119: S0N0 : sended excuted txs
S0N0: 2023/11/06 14:32:40 messageHandle.go:192: S0N0: this round of pbft 32 is end 
S0N0: 2023/11/06 14:32:40 messageHandle.go:199: S0N0 get sequenceLock unlocked...
S0N0: 2023/11/06 14:32:40 messageHandle.go:151: S0N0 received the Commit from ...3
S0N0: 2023/11/06 14:32:45 messageHandle.go:28: S0N0 get sequenceLock locked, now trying to propose...
S0N0: 2023/11/06 14:32:45 messageHandle.go:35: S0N0 put the request into the pool ...
S0N0: 2023/11/06 14:32:45 messageHandle.go:94: S0N0 : received the Prepare ...
S0N0: 2023/11/06 14:32:45 messageHandle.go:94: S0N0 : received the Prepare ...
S0N0: 2023/11/06 14:32:45 messageHandle.go:125: S0N0 : is going to commit
S0N0: 2023/11/06 14:32:45 messageHandle.go:139: S0N0 : commit is broadcast
S0N0: 2023/11/06 14:32:45 messageHandle.go:151: S0N0 received the Commit from ...2
S0N0: 2023/11/06 14:32:45 messageHandle.go:94: S0N0 : received the Prepare ...
S0N0: 2023/11/06 14:32:45 messageHandle.go:151: S0N0 received the Commit from ...1
S0N0: 2023/11/06 14:32:45 messageHandle.go:163: S0N0 : has received 2f + 1 commits ... 
S0N0: 2023/11/06 14:32:45 pbftInside_module.go:59: S0N0 : adding the block 33...now height = 32 
S0N0: 2023/11/06 14:32:45 pbftInside_module.go:61: S0N0 : added the block 33... 
S0N0: 2023/11/06 14:32:45 pbftInside_module.go:66: S0N0 : main node is trying to send relay txs at height = 33 
S0N0: 2023/11/06 14:32:45 pbftInside_module.go:98: S0N0 : sended relay txs to 1
S0N0: 2023/11/06 14:32:45 pbftInside_module.go:119: S0N0 : sended excuted txs
S0N0: 2023/11/06 14:32:45 messageHandle.go:192: S0N0: this round of pbft 33 is end 
S0N0: 2023/11/06 14:32:45 messageHandle.go:199: S0N0 get sequenceLock unlocked...
S0N0: 2023/11/06 14:32:45 messageHandle.go:151: S0N0 received the Commit from ...3
S0N0: 2023/11/06 14:32:50 messageHandle.go:28: S0N0 get sequenceLock locked, now trying to propose...
S0N0: 2023/11/06 14:32:50 messageHandle.go:35: S0N0 put the request into the pool ...
S0N0: 2023/11/06 14:32:50 messageHandle.go:94: S0N0 : received the Prepare ...
S0N0: 2023/11/06 14:32:50 messageHandle.go:94: S0N0 : received the Prepare ...
S0N0: 2023/11/06 14:32:50 messageHandle.go:125: S0N0 : is going to commit
S0N0: 2023/11/06 14:32:50 messageHandle.go:139: S0N0 : commit is broadcast
S0N0: 2023/11/06 14:32:50 messageHandle.go:151: S0N0 received the Commit from ...1
S0N0: 2023/11/06 14:32:50 messageHandle.go:94: S0N0 : received the Prepare ...
S0N0: 2023/11/06 14:32:50 messageHandle.go:151: S0N0 received the Commit from ...2
S0N0: 2023/11/06 14:32:50 messageHandle.go:163: S0N0 : has received 2f + 1 commits ... 
S0N0: 2023/11/06 14:32:50 pbftInside_module.go:59: S0N0 : adding the block 34...now height = 33 
S0N0: 2023/11/06 14:32:50 pbftInside_module.go:61: S0N0 : added the block 34... 
S0N0: 2023/11/06 14:32:50 pbftInside_module.go:66: S0N0 : main node is trying to send relay txs at height = 34 
S0N0: 2023/11/06 14:32:50 pbftInside_module.go:98: S0N0 : sended relay txs to 1
S0N0: 2023/11/06 14:32:50 pbftInside_module.go:119: S0N0 : sended excuted txs
S0N0: 2023/11/06 14:32:50 messageHandle.go:192: S0N0: this round of pbft 34 is end 
S0N0: 2023/11/06 14:32:50 messageHandle.go:199: S0N0 get sequenceLock unlocked...
S0N0: 2023/11/06 14:32:50 messageHandle.go:151: S0N0 received the Commit from ...3
S0N0: 2023/11/06 14:32:55 messageHandle.go:28: S0N0 get sequenceLock locked, now trying to propose...
S0N0: 2023/11/06 14:32:55 messageHandle.go:35: S0N0 put the request into the pool ...
S0N0: 2023/11/06 14:32:55 messageHandle.go:94: S0N0 : received the Prepare ...
S0N0: 2023/11/06 14:32:55 messageHandle.go:94: S0N0 : received the Prepare ...
S0N0: 2023/11/06 14:32:55 messageHandle.go:125: S0N0 : is going to commit
S0N0: 2023/11/06 14:32:55 messageHandle.go:139: S0N0 : commit is broadcast
S0N0: 2023/11/06 14:32:55 messageHandle.go:151: S0N0 received the Commit from ...1
S0N0: 2023/11/06 14:32:55 messageHandle.go:94: S0N0 : received the Prepare ...
S0N0: 2023/11/06 14:32:55 messageHandle.go:151: S0N0 received the Commit from ...3
S0N0: 2023/11/06 14:32:55 messageHandle.go:163: S0N0 : has received 2f + 1 commits ... 
S0N0: 2023/11/06 14:32:55 pbftInside_module.go:59: S0N0 : adding the block 35...now height = 34 
S0N0: 2023/11/06 14:32:55 pbftInside_module.go:61: S0N0 : added the block 35... 
S0N0: 2023/11/06 14:32:55 pbftInside_module.go:66: S0N0 : main node is trying to send relay txs at height = 35 
S0N0: 2023/11/06 14:32:55 pbftInside_module.go:98: S0N0 : sended relay txs to 1
S0N0: 2023/11/06 14:32:55 pbftInside_module.go:119: S0N0 : sended excuted txs
S0N0: 2023/11/06 14:32:55 messageHandle.go:192: S0N0: this round of pbft 35 is end 
S0N0: 2023/11/06 14:32:55 messageHandle.go:199: S0N0 get sequenceLock unlocked...
S0N0: 2023/11/06 14:32:55 messageHandle.go:151: S0N0 received the Commit from ...2
S0N0: 2023/11/06 14:33:00 messageHandle.go:28: S0N0 get sequenceLock locked, now trying to propose...
S0N0: 2023/11/06 14:33:00 messageHandle.go:35: S0N0 put the request into the pool ...
S0N0: 2023/11/06 14:33:00 messageHandle.go:94: S0N0 : received the Prepare ...
S0N0: 2023/11/06 14:33:00 messageHandle.go:94: S0N0 : received the Prepare ...
S0N0: 2023/11/06 14:33:00 messageHandle.go:125: S0N0 : is going to commit
S0N0: 2023/11/06 14:33:00 messageHandle.go:139: S0N0 : commit is broadcast
S0N0: 2023/11/06 14:33:00 messageHandle.go:151: S0N0 received the Commit from ...1
S0N0: 2023/11/06 14:33:00 messageHandle.go:94: S0N0 : received the Prepare ...
S0N0: 2023/11/06 14:33:00 messageHandle.go:151: S0N0 received the Commit from ...3
S0N0: 2023/11/06 14:33:00 messageHandle.go:163: S0N0 : has received 2f + 1 commits ... 
S0N0: 2023/11/06 14:33:00 pbftInside_module.go:59: S0N0 : adding the block 36...now height = 35 
S0N0: 2023/11/06 14:33:00 pbftInside_module.go:61: S0N0 : added the block 36... 
S0N0: 2023/11/06 14:33:00 pbftInside_module.go:66: S0N0 : main node is trying to send relay txs at height = 36 
S0N0: 2023/11/06 14:33:00 pbftInside_module.go:98: S0N0 : sended relay txs to 1
S0N0: 2023/11/06 14:33:00 pbftInside_module.go:119: S0N0 : sended excuted txs
S0N0: 2023/11/06 14:33:00 messageHandle.go:192: S0N0: this round of pbft 36 is end 
S0N0: 2023/11/06 14:33:00 messageHandle.go:199: S0N0 get sequenceLock unlocked...
S0N0: 2023/11/06 14:33:00 messageHandle.go:151: S0N0 received the Commit from ...2
S0N0: 2023/11/06 14:33:05 messageHandle.go:28: S0N0 get sequenceLock locked, now trying to propose...
S0N0: 2023/11/06 14:33:05 messageHandle.go:35: S0N0 put the request into the pool ...
S0N0: 2023/11/06 14:33:05 messageHandle.go:94: S0N0 : received the Prepare ...
S0N0: 2023/11/06 14:33:05 messageHandle.go:94: S0N0 : received the Prepare ...
S0N0: 2023/11/06 14:33:05 messageHandle.go:125: S0N0 : is going to commit
S0N0: 2023/11/06 14:33:05 messageHandle.go:139: S0N0 : commit is broadcast
S0N0: 2023/11/06 14:33:05 messageHandle.go:151: S0N0 received the Commit from ...2
S0N0: 2023/11/06 14:33:05 messageHandle.go:94: S0N0 : received the Prepare ...
S0N0: 2023/11/06 14:33:05 messageHandle.go:151: S0N0 received the Commit from ...3
S0N0: 2023/11/06 14:33:05 messageHandle.go:163: S0N0 : has received 2f + 1 commits ... 
S0N0: 2023/11/06 14:33:05 pbftInside_module.go:59: S0N0 : adding the block 37...now height = 36 
S0N0: 2023/11/06 14:33:05 pbftInside_module.go:61: S0N0 : added the block 37... 
S0N0: 2023/11/06 14:33:05 pbftInside_module.go:66: S0N0 : main node is trying to send relay txs at height = 37 
S0N0: 2023/11/06 14:33:05 pbftInside_module.go:98: S0N0 : sended relay txs to 1
S0N0: 2023/11/06 14:33:05 pbftInside_module.go:119: S0N0 : sended excuted txs
S0N0: 2023/11/06 14:33:05 messageHandle.go:192: S0N0: this round of pbft 37 is end 
S0N0: 2023/11/06 14:33:05 messageHandle.go:199: S0N0 get sequenceLock unlocked...
S0N0: 2023/11/06 14:33:05 messageHandle.go:151: S0N0 received the Commit from ...1
S0N0: 2023/11/06 14:33:10 messageHandle.go:28: S0N0 get sequenceLock locked, now trying to propose...
S0N0: 2023/11/06 14:33:10 messageHandle.go:35: S0N0 put the request into the pool ...
S0N0: 2023/11/06 14:33:10 messageHandle.go:94: S0N0 : received the Prepare ...
S0N0: 2023/11/06 14:33:10 messageHandle.go:94: S0N0 : received the Prepare ...
S0N0: 2023/11/06 14:33:10 messageHandle.go:125: S0N0 : is going to commit
S0N0: 2023/11/06 14:33:10 messageHandle.go:139: S0N0 : commit is broadcast
S0N0: 2023/11/06 14:33:10 messageHandle.go:151: S0N0 received the Commit from ...2
S0N0: 2023/11/06 14:33:10 messageHandle.go:94: S0N0 : received the Prepare ...
S0N0: 2023/11/06 14:33:10 messageHandle.go:151: S0N0 received the Commit from ...1
S0N0: 2023/11/06 14:33:10 messageHandle.go:163: S0N0 : has received 2f + 1 commits ... 
S0N0: 2023/11/06 14:33:10 pbftInside_module.go:59: S0N0 : adding the block 38...now height = 37 
S0N0: 2023/11/06 14:33:10 pbftInside_module.go:61: S0N0 : added the block 38... 
S0N0: 2023/11/06 14:33:10 pbftInside_module.go:66: S0N0 : main node is trying to send relay txs at height = 38 
S0N0: 2023/11/06 14:33:10 pbftInside_module.go:98: S0N0 : sended relay txs to 1
S0N0: 2023/11/06 14:33:10 pbftInside_module.go:119: S0N0 : sended excuted txs
S0N0: 2023/11/06 14:33:10 messageHandle.go:192: S0N0: this round of pbft 38 is end 
S0N0: 2023/11/06 14:33:10 messageHandle.go:199: S0N0 get sequenceLock unlocked...
S0N0: 2023/11/06 14:33:10 messageHandle.go:151: S0N0 received the Commit from ...3
S0N0: 2023/11/06 14:33:15 messageHandle.go:28: S0N0 get sequenceLock locked, now trying to propose...
S0N0: 2023/11/06 14:33:15 messageHandle.go:35: S0N0 put the request into the pool ...
S0N0: 2023/11/06 14:33:15 messageHandle.go:94: S0N0 : received the Prepare ...
S0N0: 2023/11/06 14:33:15 messageHandle.go:94: S0N0 : received the Prepare ...
S0N0: 2023/11/06 14:33:15 messageHandle.go:125: S0N0 : is going to commit
S0N0: 2023/11/06 14:33:15 messageHandle.go:139: S0N0 : commit is broadcast
S0N0: 2023/11/06 14:33:15 messageHandle.go:151: S0N0 received the Commit from ...3
S0N0: 2023/11/06 14:33:15 messageHandle.go:94: S0N0 : received the Prepare ...
S0N0: 2023/11/06 14:33:15 messageHandle.go:151: S0N0 received the Commit from ...2
S0N0: 2023/11/06 14:33:15 messageHandle.go:163: S0N0 : has received 2f + 1 commits ... 
S0N0: 2023/11/06 14:33:15 pbftInside_module.go:59: S0N0 : adding the block 39...now height = 38 
S0N0: 2023/11/06 14:33:15 pbftInside_module.go:61: S0N0 : added the block 39... 
S0N0: 2023/11/06 14:33:15 pbftInside_module.go:66: S0N0 : main node is trying to send relay txs at height = 39 
S0N0: 2023/11/06 14:33:15 pbftInside_module.go:98: S0N0 : sended relay txs to 1
S0N0: 2023/11/06 14:33:15 pbftInside_module.go:119: S0N0 : sended excuted txs
S0N0: 2023/11/06 14:33:15 messageHandle.go:192: S0N0: this round of pbft 39 is end 
S0N0: 2023/11/06 14:33:15 messageHandle.go:199: S0N0 get sequenceLock unlocked...
S0N0: 2023/11/06 14:33:15 messageHandle.go:151: S0N0 received the Commit from ...1
S0N0: 2023/11/06 14:33:20 messageHandle.go:28: S0N0 get sequenceLock locked, now trying to propose...
S0N0: 2023/11/06 14:33:20 messageHandle.go:35: S0N0 put the request into the pool ...
S0N0: 2023/11/06 14:33:20 messageHandle.go:94: S0N0 : received the Prepare ...
S0N0: 2023/11/06 14:33:20 messageHandle.go:94: S0N0 : received the Prepare ...
S0N0: 2023/11/06 14:33:20 messageHandle.go:125: S0N0 : is going to commit
S0N0: 2023/11/06 14:33:20 messageHandle.go:139: S0N0 : commit is broadcast
S0N0: 2023/11/06 14:33:20 messageHandle.go:151: S0N0 received the Commit from ...1
S0N0: 2023/11/06 14:33:20 messageHandle.go:94: S0N0 : received the Prepare ...
S0N0: 2023/11/06 14:33:20 messageHandle.go:151: S0N0 received the Commit from ...2
S0N0: 2023/11/06 14:33:20 messageHandle.go:163: S0N0 : has received 2f + 1 commits ... 
S0N0: 2023/11/06 14:33:20 pbftInside_module.go:59: S0N0 : adding the block 40...now height = 39 
S0N0: 2023/11/06 14:33:20 pbftInside_module.go:61: S0N0 : added the block 40... 
S0N0: 2023/11/06 14:33:20 pbftInside_module.go:66: S0N0 : main node is trying to send relay txs at height = 40 
S0N0: 2023/11/06 14:33:20 pbftInside_module.go:98: S0N0 : sended relay txs to 1
S0N0: 2023/11/06 14:33:20 pbftInside_module.go:119: S0N0 : sended excuted txs
S0N0: 2023/11/06 14:33:20 messageHandle.go:192: S0N0: this round of pbft 40 is end 
S0N0: 2023/11/06 14:33:20 messageHandle.go:199: S0N0 get sequenceLock unlocked...
S0N0: 2023/11/06 14:33:20 messageHandle.go:151: S0N0 received the Commit from ...3
S0N0: 2023/11/06 14:33:25 messageHandle.go:28: S0N0 get sequenceLock locked, now trying to propose...
S0N0: 2023/11/06 14:33:25 messageHandle.go:35: S0N0 put the request into the pool ...
S0N0: 2023/11/06 14:33:25 messageHandle.go:94: S0N0 : received the Prepare ...
S0N0: 2023/11/06 14:33:25 messageHandle.go:94: S0N0 : received the Prepare ...
S0N0: 2023/11/06 14:33:25 messageHandle.go:125: S0N0 : is going to commit
S0N0: 2023/11/06 14:33:25 messageHandle.go:139: S0N0 : commit is broadcast
S0N0: 2023/11/06 14:33:25 messageHandle.go:151: S0N0 received the Commit from ...1
S0N0: 2023/11/06 14:33:25 messageHandle.go:94: S0N0 : received the Prepare ...
S0N0: 2023/11/06 14:33:25 messageHandle.go:151: S0N0 received the Commit from ...3
S0N0: 2023/11/06 14:33:25 messageHandle.go:163: S0N0 : has received 2f + 1 commits ... 
S0N0: 2023/11/06 14:33:25 pbftInside_module.go:59: S0N0 : adding the block 41...now height = 40 
S0N0: 2023/11/06 14:33:25 pbftInside_module.go:61: S0N0 : added the block 41... 
S0N0: 2023/11/06 14:33:25 pbftInside_module.go:66: S0N0 : main node is trying to send relay txs at height = 41 
S0N0: 2023/11/06 14:33:25 pbftInside_module.go:98: S0N0 : sended relay txs to 1
S0N0: 2023/11/06 14:33:25 pbftInside_module.go:119: S0N0 : sended excuted txs
S0N0: 2023/11/06 14:33:25 messageHandle.go:192: S0N0: this round of pbft 41 is end 
S0N0: 2023/11/06 14:33:25 messageHandle.go:199: S0N0 get sequenceLock unlocked...
S0N0: 2023/11/06 14:33:25 messageHandle.go:151: S0N0 received the Commit from ...2
S0N0: 2023/11/06 14:33:30 messageHandle.go:28: S0N0 get sequenceLock locked, now trying to propose...
S0N0: 2023/11/06 14:33:30 messageHandle.go:35: S0N0 put the request into the pool ...
S0N0: 2023/11/06 14:33:30 messageHandle.go:94: S0N0 : received the Prepare ...
S0N0: 2023/11/06 14:33:30 messageHandle.go:94: S0N0 : received the Prepare ...
S0N0: 2023/11/06 14:33:30 messageHandle.go:125: S0N0 : is going to commit
S0N0: 2023/11/06 14:33:30 messageHandle.go:139: S0N0 : commit is broadcast
S0N0: 2023/11/06 14:33:30 messageHandle.go:151: S0N0 received the Commit from ...2
S0N0: 2023/11/06 14:33:30 messageHandle.go:94: S0N0 : received the Prepare ...
S0N0: 2023/11/06 14:33:30 messageHandle.go:151: S0N0 received the Commit from ...3
S0N0: 2023/11/06 14:33:30 messageHandle.go:163: S0N0 : has received 2f + 1 commits ... 
S0N0: 2023/11/06 14:33:30 pbftInside_module.go:59: S0N0 : adding the block 42...now height = 41 
S0N0: 2023/11/06 14:33:30 pbftInside_module.go:61: S0N0 : added the block 42... 
S0N0: 2023/11/06 14:33:30 pbftInside_module.go:66: S0N0 : main node is trying to send relay txs at height = 42 
S0N0: 2023/11/06 14:33:30 pbftInside_module.go:98: S0N0 : sended relay txs to 1
S0N0: 2023/11/06 14:33:30 pbftInside_module.go:119: S0N0 : sended excuted txs
S0N0: 2023/11/06 14:33:30 messageHandle.go:192: S0N0: this round of pbft 42 is end 
S0N0: 2023/11/06 14:33:30 messageHandle.go:199: S0N0 get sequenceLock unlocked...
S0N0: 2023/11/06 14:33:30 messageHandle.go:151: S0N0 received the Commit from ...1
S0N0: 2023/11/06 14:33:36 messageHandle.go:28: S0N0 get sequenceLock locked, now trying to propose...
S0N0: 2023/11/06 14:33:36 messageHandle.go:35: S0N0 put the request into the pool ...
S0N0: 2023/11/06 14:33:36 messageHandle.go:94: S0N0 : received the Prepare ...
S0N0: 2023/11/06 14:33:36 messageHandle.go:94: S0N0 : received the Prepare ...
S0N0: 2023/11/06 14:33:36 messageHandle.go:125: S0N0 : is going to commit
S0N0: 2023/11/06 14:33:36 messageHandle.go:139: S0N0 : commit is broadcast
S0N0: 2023/11/06 14:33:36 messageHandle.go:151: S0N0 received the Commit from ...2
S0N0: 2023/11/06 14:33:36 messageHandle.go:94: S0N0 : received the Prepare ...
S0N0: 2023/11/06 14:33:36 messageHandle.go:151: S0N0 received the Commit from ...3
S0N0: 2023/11/06 14:33:36 messageHandle.go:163: S0N0 : has received 2f + 1 commits ... 
S0N0: 2023/11/06 14:33:36 pbftInside_module.go:59: S0N0 : adding the block 43...now height = 42 
S0N0: 2023/11/06 14:33:36 pbftInside_module.go:61: S0N0 : added the block 43... 
S0N0: 2023/11/06 14:33:36 pbftInside_module.go:66: S0N0 : main node is trying to send relay txs at height = 43 
S0N0: 2023/11/06 14:33:36 pbftInside_module.go:98: S0N0 : sended relay txs to 1
S0N0: 2023/11/06 14:33:36 pbftInside_module.go:119: S0N0 : sended excuted txs
S0N0: 2023/11/06 14:33:36 messageHandle.go:192: S0N0: this round of pbft 43 is end 
S0N0: 2023/11/06 14:33:36 messageHandle.go:199: S0N0 get sequenceLock unlocked...
S0N0: 2023/11/06 14:33:36 messageHandle.go:151: S0N0 received the Commit from ...1
S0N0: 2023/11/06 14:33:41 messageHandle.go:28: S0N0 get sequenceLock locked, now trying to propose...
S0N0: 2023/11/06 14:33:41 messageHandle.go:35: S0N0 put the request into the pool ...
S0N0: 2023/11/06 14:33:41 messageHandle.go:94: S0N0 : received the Prepare ...
S0N0: 2023/11/06 14:33:41 messageHandle.go:94: S0N0 : received the Prepare ...
S0N0: 2023/11/06 14:33:41 messageHandle.go:125: S0N0 : is going to commit
S0N0: 2023/11/06 14:33:41 messageHandle.go:139: S0N0 : commit is broadcast
S0N0: 2023/11/06 14:33:41 messageHandle.go:151: S0N0 received the Commit from ...2
S0N0: 2023/11/06 14:33:41 messageHandle.go:94: S0N0 : received the Prepare ...
S0N0: 2023/11/06 14:33:41 messageHandle.go:151: S0N0 received the Commit from ...1
S0N0: 2023/11/06 14:33:41 messageHandle.go:163: S0N0 : has received 2f + 1 commits ... 
S0N0: 2023/11/06 14:33:41 pbftInside_module.go:59: S0N0 : adding the block 44...now height = 43 
S0N0: 2023/11/06 14:33:41 pbftInside_module.go:61: S0N0 : added the block 44... 
S0N0: 2023/11/06 14:33:41 pbftInside_module.go:66: S0N0 : main node is trying to send relay txs at height = 44 
S0N0: 2023/11/06 14:33:41 pbftInside_module.go:98: S0N0 : sended relay txs to 1
S0N0: 2023/11/06 14:33:41 pbftInside_module.go:119: S0N0 : sended excuted txs
S0N0: 2023/11/06 14:33:41 messageHandle.go:192: S0N0: this round of pbft 44 is end 
S0N0: 2023/11/06 14:33:41 messageHandle.go:199: S0N0 get sequenceLock unlocked...
S0N0: 2023/11/06 14:33:41 messageHandle.go:151: S0N0 received the Commit from ...3
S0N0: 2023/11/06 14:33:46 messageHandle.go:28: S0N0 get sequenceLock locked, now trying to propose...
S0N0: 2023/11/06 14:33:46 messageHandle.go:35: S0N0 put the request into the pool ...
S0N0: 2023/11/06 14:33:46 messageHandle.go:94: S0N0 : received the Prepare ...
S0N0: 2023/11/06 14:33:46 messageHandle.go:94: S0N0 : received the Prepare ...
S0N0: 2023/11/06 14:33:46 messageHandle.go:125: S0N0 : is going to commit
S0N0: 2023/11/06 14:33:46 messageHandle.go:139: S0N0 : commit is broadcast
S0N0: 2023/11/06 14:33:46 messageHandle.go:151: S0N0 received the Commit from ...2
S0N0: 2023/11/06 14:33:46 messageHandle.go:94: S0N0 : received the Prepare ...
S0N0: 2023/11/06 14:33:46 messageHandle.go:151: S0N0 received the Commit from ...1
S0N0: 2023/11/06 14:33:46 messageHandle.go:163: S0N0 : has received 2f + 1 commits ... 
S0N0: 2023/11/06 14:33:46 pbftInside_module.go:59: S0N0 : adding the block 45...now height = 44 
S0N0: 2023/11/06 14:33:46 pbftInside_module.go:61: S0N0 : added the block 45... 
S0N0: 2023/11/06 14:33:46 pbftInside_module.go:66: S0N0 : main node is trying to send relay txs at height = 45 
S0N0: 2023/11/06 14:33:46 pbftInside_module.go:98: S0N0 : sended relay txs to 1
S0N0: 2023/11/06 14:33:46 pbftInside_module.go:119: S0N0 : sended excuted txs
S0N0: 2023/11/06 14:33:46 messageHandle.go:192: S0N0: this round of pbft 45 is end 
S0N0: 2023/11/06 14:33:46 messageHandle.go:199: S0N0 get sequenceLock unlocked...
S0N0: 2023/11/06 14:33:46 messageHandle.go:151: S0N0 received the Commit from ...3
S0N0: 2023/11/06 14:33:51 messageHandle.go:28: S0N0 get sequenceLock locked, now trying to propose...
S0N0: 2023/11/06 14:33:51 messageHandle.go:35: S0N0 put the request into the pool ...
S0N0: 2023/11/06 14:33:51 messageHandle.go:94: S0N0 : received the Prepare ...
S0N0: 2023/11/06 14:33:51 messageHandle.go:94: S0N0 : received the Prepare ...
S0N0: 2023/11/06 14:33:51 messageHandle.go:125: S0N0 : is going to commit
S0N0: 2023/11/06 14:33:51 messageHandle.go:139: S0N0 : commit is broadcast
S0N0: 2023/11/06 14:33:51 messageHandle.go:151: S0N0 received the Commit from ...3
S0N0: 2023/11/06 14:33:51 messageHandle.go:94: S0N0 : received the Prepare ...
S0N0: 2023/11/06 14:33:51 messageHandle.go:151: S0N0 received the Commit from ...2
S0N0: 2023/11/06 14:33:51 messageHandle.go:163: S0N0 : has received 2f + 1 commits ... 
S0N0: 2023/11/06 14:33:51 pbftInside_module.go:59: S0N0 : adding the block 46...now height = 45 
S0N0: 2023/11/06 14:33:51 pbftInside_module.go:61: S0N0 : added the block 46... 
S0N0: 2023/11/06 14:33:51 pbftInside_module.go:66: S0N0 : main node is trying to send relay txs at height = 46 
S0N0: 2023/11/06 14:33:51 pbftInside_module.go:98: S0N0 : sended relay txs to 1
S0N0: 2023/11/06 14:33:51 pbftInside_module.go:119: S0N0 : sended excuted txs
S0N0: 2023/11/06 14:33:51 messageHandle.go:192: S0N0: this round of pbft 46 is end 
S0N0: 2023/11/06 14:33:51 messageHandle.go:199: S0N0 get sequenceLock unlocked...
S0N0: 2023/11/06 14:33:51 messageHandle.go:151: S0N0 received the Commit from ...1
S0N0: 2023/11/06 14:33:56 messageHandle.go:28: S0N0 get sequenceLock locked, now trying to propose...
S0N0: 2023/11/06 14:33:56 messageHandle.go:35: S0N0 put the request into the pool ...
S0N0: 2023/11/06 14:33:56 messageHandle.go:94: S0N0 : received the Prepare ...
S0N0: 2023/11/06 14:33:56 messageHandle.go:94: S0N0 : received the Prepare ...
S0N0: 2023/11/06 14:33:56 messageHandle.go:125: S0N0 : is going to commit
S0N0: 2023/11/06 14:33:56 messageHandle.go:139: S0N0 : commit is broadcast
S0N0: 2023/11/06 14:33:56 messageHandle.go:151: S0N0 received the Commit from ...2
S0N0: 2023/11/06 14:33:56 messageHandle.go:94: S0N0 : received the Prepare ...
S0N0: 2023/11/06 14:33:56 messageHandle.go:151: S0N0 received the Commit from ...1
S0N0: 2023/11/06 14:33:56 messageHandle.go:163: S0N0 : has received 2f + 1 commits ... 
S0N0: 2023/11/06 14:33:56 pbftInside_module.go:59: S0N0 : adding the block 47...now height = 46 
S0N0: 2023/11/06 14:33:56 pbftInside_module.go:61: S0N0 : added the block 47... 
S0N0: 2023/11/06 14:33:56 pbftInside_module.go:66: S0N0 : main node is trying to send relay txs at height = 47 
S0N0: 2023/11/06 14:33:56 pbftInside_module.go:98: S0N0 : sended relay txs to 1
S0N0: 2023/11/06 14:33:56 pbftInside_module.go:119: S0N0 : sended excuted txs
S0N0: 2023/11/06 14:33:56 messageHandle.go:192: S0N0: this round of pbft 47 is end 
S0N0: 2023/11/06 14:33:56 messageHandle.go:199: S0N0 get sequenceLock unlocked...
S0N0: 2023/11/06 14:33:56 messageHandle.go:151: S0N0 received the Commit from ...3
S0N0: 2023/11/06 14:34:01 messageHandle.go:28: S0N0 get sequenceLock locked, now trying to propose...
S0N0: 2023/11/06 14:34:01 messageHandle.go:35: S0N0 put the request into the pool ...
S0N0: 2023/11/06 14:34:01 messageHandle.go:94: S0N0 : received the Prepare ...
S0N0: 2023/11/06 14:34:01 messageHandle.go:94: S0N0 : received the Prepare ...
S0N0: 2023/11/06 14:34:01 messageHandle.go:125: S0N0 : is going to commit
S0N0: 2023/11/06 14:34:01 messageHandle.go:139: S0N0 : commit is broadcast
S0N0: 2023/11/06 14:34:01 messageHandle.go:151: S0N0 received the Commit from ...1
S0N0: 2023/11/06 14:34:01 messageHandle.go:151: S0N0 received the Commit from ...3
S0N0: 2023/11/06 14:34:01 messageHandle.go:163: S0N0 : has received 2f + 1 commits ... 
S0N0: 2023/11/06 14:34:01 pbftInside_module.go:59: S0N0 : adding the block 48...now height = 47 
S0N0: 2023/11/06 14:34:01 pbftInside_module.go:61: S0N0 : added the block 48... 
S0N0: 2023/11/06 14:34:01 pbftInside_module.go:66: S0N0 : main node is trying to send relay txs at height = 48 
S0N0: 2023/11/06 14:34:01 pbftInside_module.go:98: S0N0 : sended relay txs to 1
S0N0: 2023/11/06 14:34:01 pbftInside_module.go:119: S0N0 : sended excuted txs
S0N0: 2023/11/06 14:34:01 messageHandle.go:192: S0N0: this round of pbft 48 is end 
S0N0: 2023/11/06 14:34:01 messageHandle.go:199: S0N0 get sequenceLock unlocked...
S0N0: 2023/11/06 14:34:01 messageHandle.go:94: S0N0 : received the Prepare ...
S0N0: 2023/11/06 14:34:01 messageHandle.go:151: S0N0 received the Commit from ...2
S0N0: 2023/11/06 14:34:06 messageHandle.go:28: S0N0 get sequenceLock locked, now trying to propose...
S0N0: 2023/11/06 14:34:06 messageHandle.go:35: S0N0 put the request into the pool ...
S0N0: 2023/11/06 14:34:06 messageHandle.go:94: S0N0 : received the Prepare ...
S0N0: 2023/11/06 14:34:06 messageHandle.go:94: S0N0 : received the Prepare ...
S0N0: 2023/11/06 14:34:06 messageHandle.go:125: S0N0 : is going to commit
S0N0: 2023/11/06 14:34:06 messageHandle.go:139: S0N0 : commit is broadcast
S0N0: 2023/11/06 14:34:06 messageHandle.go:151: S0N0 received the Commit from ...2
S0N0: 2023/11/06 14:34:06 messageHandle.go:94: S0N0 : received the Prepare ...
S0N0: 2023/11/06 14:34:06 messageHandle.go:151: S0N0 received the Commit from ...1
S0N0: 2023/11/06 14:34:06 messageHandle.go:163: S0N0 : has received 2f + 1 commits ... 
S0N0: 2023/11/06 14:34:06 pbftInside_module.go:59: S0N0 : adding the block 49...now height = 48 
S0N0: 2023/11/06 14:34:06 pbftInside_module.go:61: S0N0 : added the block 49... 
S0N0: 2023/11/06 14:34:06 pbftInside_module.go:66: S0N0 : main node is trying to send relay txs at height = 49 
S0N0: 2023/11/06 14:34:06 pbftInside_module.go:98: S0N0 : sended relay txs to 1
S0N0: 2023/11/06 14:34:06 pbftInside_module.go:119: S0N0 : sended excuted txs
S0N0: 2023/11/06 14:34:06 messageHandle.go:192: S0N0: this round of pbft 49 is end 
S0N0: 2023/11/06 14:34:06 messageHandle.go:199: S0N0 get sequenceLock unlocked...
S0N0: 2023/11/06 14:34:06 messageHandle.go:151: S0N0 received the Commit from ...3
S0N0: 2023/11/06 14:34:11 messageHandle.go:28: S0N0 get sequenceLock locked, now trying to propose...
S0N0: 2023/11/06 14:34:11 messageHandle.go:35: S0N0 put the request into the pool ...
S0N0: 2023/11/06 14:34:11 messageHandle.go:94: S0N0 : received the Prepare ...
S0N0: 2023/11/06 14:34:11 messageHandle.go:94: S0N0 : received the Prepare ...
S0N0: 2023/11/06 14:34:11 messageHandle.go:125: S0N0 : is going to commit
S0N0: 2023/11/06 14:34:11 messageHandle.go:139: S0N0 : commit is broadcast
S0N0: 2023/11/06 14:34:11 messageHandle.go:151: S0N0 received the Commit from ...1
S0N0: 2023/11/06 14:34:11 messageHandle.go:94: S0N0 : received the Prepare ...
S0N0: 2023/11/06 14:34:11 messageHandle.go:151: S0N0 received the Commit from ...2
S0N0: 2023/11/06 14:34:11 messageHandle.go:163: S0N0 : has received 2f + 1 commits ... 
S0N0: 2023/11/06 14:34:11 pbftInside_module.go:59: S0N0 : adding the block 50...now height = 49 
S0N0: 2023/11/06 14:34:11 pbftInside_module.go:61: S0N0 : added the block 50... 
S0N0: 2023/11/06 14:34:11 pbftInside_module.go:66: S0N0 : main node is trying to send relay txs at height = 50 
S0N0: 2023/11/06 14:34:11 pbftInside_module.go:98: S0N0 : sended relay txs to 1
S0N0: 2023/11/06 14:34:11 pbftInside_module.go:119: S0N0 : sended excuted txs
S0N0: 2023/11/06 14:34:11 messageHandle.go:192: S0N0: this round of pbft 50 is end 
S0N0: 2023/11/06 14:34:11 messageHandle.go:199: S0N0 get sequenceLock unlocked...
S0N0: 2023/11/06 14:34:11 messageHandle.go:151: S0N0 received the Commit from ...3
S0N0: 2023/11/06 14:34:16 messageHandle.go:28: S0N0 get sequenceLock locked, now trying to propose...
S0N0: 2023/11/06 14:34:16 messageHandle.go:35: S0N0 put the request into the pool ...
S0N0: 2023/11/06 14:34:16 messageHandle.go:94: S0N0 : received the Prepare ...
S0N0: 2023/11/06 14:34:16 messageHandle.go:94: S0N0 : received the Prepare ...
S0N0: 2023/11/06 14:34:16 messageHandle.go:125: S0N0 : is going to commit
S0N0: 2023/11/06 14:34:16 messageHandle.go:139: S0N0 : commit is broadcast
S0N0: 2023/11/06 14:34:16 messageHandle.go:94: S0N0 : received the Prepare ...
S0N0: 2023/11/06 14:34:16 messageHandle.go:151: S0N0 received the Commit from ...3
S0N0: 2023/11/06 14:34:16 messageHandle.go:151: S0N0 received the Commit from ...1
S0N0: 2023/11/06 14:34:16 messageHandle.go:163: S0N0 : has received 2f + 1 commits ... 
S0N0: 2023/11/06 14:34:16 pbftInside_module.go:59: S0N0 : adding the block 51...now height = 50 
S0N0: 2023/11/06 14:34:16 pbftInside_module.go:61: S0N0 : added the block 51... 
S0N0: 2023/11/06 14:34:16 pbftInside_module.go:66: S0N0 : main node is trying to send relay txs at height = 51 
S0N0: 2023/11/06 14:34:16 pbftInside_module.go:98: S0N0 : sended relay txs to 1
S0N0: 2023/11/06 14:34:16 pbftInside_module.go:119: S0N0 : sended excuted txs
S0N0: 2023/11/06 14:34:16 messageHandle.go:192: S0N0: this round of pbft 51 is end 
S0N0: 2023/11/06 14:34:16 messageHandle.go:199: S0N0 get sequenceLock unlocked...
S0N0: 2023/11/06 14:34:16 messageHandle.go:151: S0N0 received the Commit from ...2
S0N0: 2023/11/06 14:34:21 messageHandle.go:28: S0N0 get sequenceLock locked, now trying to propose...
S0N0: 2023/11/06 14:34:21 messageHandle.go:35: S0N0 put the request into the pool ...
S0N0: 2023/11/06 14:34:21 messageHandle.go:94: S0N0 : received the Prepare ...
S0N0: 2023/11/06 14:34:21 messageHandle.go:94: S0N0 : received the Prepare ...
S0N0: 2023/11/06 14:34:21 messageHandle.go:125: S0N0 : is going to commit
S0N0: 2023/11/06 14:34:21 messageHandle.go:139: S0N0 : commit is broadcast
S0N0: 2023/11/06 14:34:21 messageHandle.go:151: S0N0 received the Commit from ...1
S0N0: 2023/11/06 14:34:21 messageHandle.go:94: S0N0 : received the Prepare ...
S0N0: 2023/11/06 14:34:21 messageHandle.go:151: S0N0 received the Commit from ...2
S0N0: 2023/11/06 14:34:21 messageHandle.go:163: S0N0 : has received 2f + 1 commits ... 
S0N0: 2023/11/06 14:34:21 pbftInside_module.go:59: S0N0 : adding the block 52...now height = 51 
S0N0: 2023/11/06 14:34:21 pbftInside_module.go:61: S0N0 : added the block 52... 
S0N0: 2023/11/06 14:34:21 pbftInside_module.go:66: S0N0 : main node is trying to send relay txs at height = 52 
S0N0: 2023/11/06 14:34:21 pbftInside_module.go:98: S0N0 : sended relay txs to 1
S0N0: 2023/11/06 14:34:21 pbftInside_module.go:119: S0N0 : sended excuted txs
S0N0: 2023/11/06 14:34:21 messageHandle.go:192: S0N0: this round of pbft 52 is end 
S0N0: 2023/11/06 14:34:21 messageHandle.go:199: S0N0 get sequenceLock unlocked...
S0N0: 2023/11/06 14:34:21 messageHandle.go:151: S0N0 received the Commit from ...3
S0N0: 2023/11/06 14:34:26 messageHandle.go:28: S0N0 get sequenceLock locked, now trying to propose...
S0N0: 2023/11/06 14:34:26 messageHandle.go:35: S0N0 put the request into the pool ...
S0N0: 2023/11/06 14:34:26 messageHandle.go:94: S0N0 : received the Prepare ...
S0N0: 2023/11/06 14:34:26 messageHandle.go:94: S0N0 : received the Prepare ...
S0N0: 2023/11/06 14:34:26 messageHandle.go:125: S0N0 : is going to commit
S0N0: 2023/11/06 14:34:26 messageHandle.go:139: S0N0 : commit is broadcast
S0N0: 2023/11/06 14:34:26 messageHandle.go:151: S0N0 received the Commit from ...2
S0N0: 2023/11/06 14:34:26 messageHandle.go:94: S0N0 : received the Prepare ...
S0N0: 2023/11/06 14:34:26 messageHandle.go:151: S0N0 received the Commit from ...3
S0N0: 2023/11/06 14:34:26 messageHandle.go:163: S0N0 : has received 2f + 1 commits ... 
S0N0: 2023/11/06 14:34:26 pbftInside_module.go:59: S0N0 : adding the block 53...now height = 52 
S0N0: 2023/11/06 14:34:26 pbftInside_module.go:61: S0N0 : added the block 53... 
S0N0: 2023/11/06 14:34:26 pbftInside_module.go:66: S0N0 : main node is trying to send relay txs at height = 53 
S0N0: 2023/11/06 14:34:26 pbftInside_module.go:98: S0N0 : sended relay txs to 1
S0N0: 2023/11/06 14:34:26 pbftInside_module.go:119: S0N0 : sended excuted txs
S0N0: 2023/11/06 14:34:26 messageHandle.go:192: S0N0: this round of pbft 53 is end 
S0N0: 2023/11/06 14:34:26 messageHandle.go:199: S0N0 get sequenceLock unlocked...
S0N0: 2023/11/06 14:34:26 messageHandle.go:151: S0N0 received the Commit from ...1
S0N0: 2023/11/06 14:34:31 messageHandle.go:28: S0N0 get sequenceLock locked, now trying to propose...
S0N0: 2023/11/06 14:34:31 messageHandle.go:35: S0N0 put the request into the pool ...
S0N0: 2023/11/06 14:34:31 messageHandle.go:94: S0N0 : received the Prepare ...
S0N0: 2023/11/06 14:34:31 messageHandle.go:94: S0N0 : received the Prepare ...
S0N0: 2023/11/06 14:34:31 messageHandle.go:125: S0N0 : is going to commit
S0N0: 2023/11/06 14:34:31 messageHandle.go:139: S0N0 : commit is broadcast
S0N0: 2023/11/06 14:34:31 messageHandle.go:151: S0N0 received the Commit from ...2
S0N0: 2023/11/06 14:34:31 messageHandle.go:94: S0N0 : received the Prepare ...
S0N0: 2023/11/06 14:34:31 messageHandle.go:151: S0N0 received the Commit from ...1
S0N0: 2023/11/06 14:34:31 messageHandle.go:163: S0N0 : has received 2f + 1 commits ... 
S0N0: 2023/11/06 14:34:31 pbftInside_module.go:59: S0N0 : adding the block 54...now height = 53 
S0N0: 2023/11/06 14:34:31 pbftInside_module.go:61: S0N0 : added the block 54... 
S0N0: 2023/11/06 14:34:31 pbftInside_module.go:66: S0N0 : main node is trying to send relay txs at height = 54 
S0N0: 2023/11/06 14:34:31 pbftInside_module.go:98: S0N0 : sended relay txs to 1
S0N0: 2023/11/06 14:34:31 pbftInside_module.go:119: S0N0 : sended excuted txs
S0N0: 2023/11/06 14:34:31 messageHandle.go:192: S0N0: this round of pbft 54 is end 
S0N0: 2023/11/06 14:34:31 messageHandle.go:199: S0N0 get sequenceLock unlocked...
S0N0: 2023/11/06 14:34:31 messageHandle.go:151: S0N0 received the Commit from ...3
S0N0: 2023/11/06 14:34:36 messageHandle.go:28: S0N0 get sequenceLock locked, now trying to propose...
S0N0: 2023/11/06 14:34:36 messageHandle.go:35: S0N0 put the request into the pool ...
S0N0: 2023/11/06 14:34:36 messageHandle.go:94: S0N0 : received the Prepare ...
S0N0: 2023/11/06 14:34:36 messageHandle.go:94: S0N0 : received the Prepare ...
S0N0: 2023/11/06 14:34:36 messageHandle.go:125: S0N0 : is going to commit
S0N0: 2023/11/06 14:34:36 messageHandle.go:139: S0N0 : commit is broadcast
S0N0: 2023/11/06 14:34:36 messageHandle.go:151: S0N0 received the Commit from ...1
S0N0: 2023/11/06 14:34:36 messageHandle.go:94: S0N0 : received the Prepare ...
S0N0: 2023/11/06 14:34:36 messageHandle.go:151: S0N0 received the Commit from ...2
S0N0: 2023/11/06 14:34:36 messageHandle.go:163: S0N0 : has received 2f + 1 commits ... 
S0N0: 2023/11/06 14:34:36 pbftInside_module.go:59: S0N0 : adding the block 55...now height = 54 
S0N0: 2023/11/06 14:34:36 pbftInside_module.go:61: S0N0 : added the block 55... 
S0N0: 2023/11/06 14:34:36 pbftInside_module.go:66: S0N0 : main node is trying to send relay txs at height = 55 
S0N0: 2023/11/06 14:34:36 pbftInside_module.go:98: S0N0 : sended relay txs to 1
S0N0: 2023/11/06 14:34:36 pbftInside_module.go:119: S0N0 : sended excuted txs
S0N0: 2023/11/06 14:34:36 messageHandle.go:192: S0N0: this round of pbft 55 is end 
S0N0: 2023/11/06 14:34:36 messageHandle.go:199: S0N0 get sequenceLock unlocked...
S0N0: 2023/11/06 14:34:36 messageHandle.go:151: S0N0 received the Commit from ...3
S0N0: 2023/11/06 14:34:41 messageHandle.go:28: S0N0 get sequenceLock locked, now trying to propose...
S0N0: 2023/11/06 14:34:41 messageHandle.go:35: S0N0 put the request into the pool ...
S0N0: 2023/11/06 14:34:41 messageHandle.go:94: S0N0 : received the Prepare ...
S0N0: 2023/11/06 14:34:41 messageHandle.go:94: S0N0 : received the Prepare ...
S0N0: 2023/11/06 14:34:41 messageHandle.go:125: S0N0 : is going to commit
S0N0: 2023/11/06 14:34:41 messageHandle.go:139: S0N0 : commit is broadcast
S0N0: 2023/11/06 14:34:41 messageHandle.go:151: S0N0 received the Commit from ...1
S0N0: 2023/11/06 14:34:41 messageHandle.go:94: S0N0 : received the Prepare ...
S0N0: 2023/11/06 14:34:41 messageHandle.go:151: S0N0 received the Commit from ...3
S0N0: 2023/11/06 14:34:41 messageHandle.go:163: S0N0 : has received 2f + 1 commits ... 
S0N0: 2023/11/06 14:34:41 pbftInside_module.go:59: S0N0 : adding the block 56...now height = 55 
S0N0: 2023/11/06 14:34:41 pbftInside_module.go:61: S0N0 : added the block 56... 
S0N0: 2023/11/06 14:34:41 pbftInside_module.go:66: S0N0 : main node is trying to send relay txs at height = 56 
S0N0: 2023/11/06 14:34:41 pbftInside_module.go:98: S0N0 : sended relay txs to 1
S0N0: 2023/11/06 14:34:41 pbftInside_module.go:119: S0N0 : sended excuted txs
S0N0: 2023/11/06 14:34:41 messageHandle.go:192: S0N0: this round of pbft 56 is end 
S0N0: 2023/11/06 14:34:41 messageHandle.go:199: S0N0 get sequenceLock unlocked...
S0N0: 2023/11/06 14:34:41 messageHandle.go:151: S0N0 received the Commit from ...2
S0N0: 2023/11/06 14:34:46 messageHandle.go:28: S0N0 get sequenceLock locked, now trying to propose...
S0N0: 2023/11/06 14:34:46 messageHandle.go:35: S0N0 put the request into the pool ...
S0N0: 2023/11/06 14:34:46 messageHandle.go:94: S0N0 : received the Prepare ...
S0N0: 2023/11/06 14:34:46 messageHandle.go:94: S0N0 : received the Prepare ...
S0N0: 2023/11/06 14:34:46 messageHandle.go:125: S0N0 : is going to commit
S0N0: 2023/11/06 14:34:46 messageHandle.go:139: S0N0 : commit is broadcast
S0N0: 2023/11/06 14:34:46 messageHandle.go:151: S0N0 received the Commit from ...2
S0N0: 2023/11/06 14:34:46 messageHandle.go:94: S0N0 : received the Prepare ...
S0N0: 2023/11/06 14:34:46 messageHandle.go:151: S0N0 received the Commit from ...3
S0N0: 2023/11/06 14:34:46 messageHandle.go:163: S0N0 : has received 2f + 1 commits ... 
S0N0: 2023/11/06 14:34:46 pbftInside_module.go:59: S0N0 : adding the block 57...now height = 56 
S0N0: 2023/11/06 14:34:46 pbftInside_module.go:61: S0N0 : added the block 57... 
S0N0: 2023/11/06 14:34:46 pbftInside_module.go:66: S0N0 : main node is trying to send relay txs at height = 57 
S0N0: 2023/11/06 14:34:46 pbftInside_module.go:98: S0N0 : sended relay txs to 1
S0N0: 2023/11/06 14:34:46 pbftInside_module.go:119: S0N0 : sended excuted txs
S0N0: 2023/11/06 14:34:46 messageHandle.go:192: S0N0: this round of pbft 57 is end 
S0N0: 2023/11/06 14:34:46 messageHandle.go:199: S0N0 get sequenceLock unlocked...
S0N0: 2023/11/06 14:34:46 messageHandle.go:151: S0N0 received the Commit from ...1
S0N0: 2023/11/06 14:34:51 messageHandle.go:28: S0N0 get sequenceLock locked, now trying to propose...
S0N0: 2023/11/06 14:34:51 messageHandle.go:35: S0N0 put the request into the pool ...
S0N0: 2023/11/06 14:34:51 messageHandle.go:94: S0N0 : received the Prepare ...
S0N0: 2023/11/06 14:34:51 messageHandle.go:94: S0N0 : received the Prepare ...
S0N0: 2023/11/06 14:34:51 messageHandle.go:125: S0N0 : is going to commit
S0N0: 2023/11/06 14:34:51 messageHandle.go:139: S0N0 : commit is broadcast
S0N0: 2023/11/06 14:34:51 messageHandle.go:151: S0N0 received the Commit from ...2
S0N0: 2023/11/06 14:34:51 messageHandle.go:94: S0N0 : received the Prepare ...
S0N0: 2023/11/06 14:34:51 messageHandle.go:151: S0N0 received the Commit from ...1
S0N0: 2023/11/06 14:34:51 messageHandle.go:163: S0N0 : has received 2f + 1 commits ... 
S0N0: 2023/11/06 14:34:51 pbftInside_module.go:59: S0N0 : adding the block 58...now height = 57 
S0N0: 2023/11/06 14:34:51 pbftInside_module.go:61: S0N0 : added the block 58... 
S0N0: 2023/11/06 14:34:51 pbftInside_module.go:66: S0N0 : main node is trying to send relay txs at height = 58 
S0N0: 2023/11/06 14:34:51 pbftInside_module.go:98: S0N0 : sended relay txs to 1
S0N0: 2023/11/06 14:34:51 pbftInside_module.go:119: S0N0 : sended excuted txs
S0N0: 2023/11/06 14:34:51 messageHandle.go:192: S0N0: this round of pbft 58 is end 
S0N0: 2023/11/06 14:34:51 messageHandle.go:199: S0N0 get sequenceLock unlocked...
S0N0: 2023/11/06 14:34:51 messageHandle.go:151: S0N0 received the Commit from ...3
S0N0: 2023/11/06 14:34:56 messageHandle.go:28: S0N0 get sequenceLock locked, now trying to propose...
S0N0: 2023/11/06 14:34:56 messageHandle.go:35: S0N0 put the request into the pool ...
S0N0: 2023/11/06 14:34:56 messageHandle.go:94: S0N0 : received the Prepare ...
S0N0: 2023/11/06 14:34:56 messageHandle.go:94: S0N0 : received the Prepare ...
S0N0: 2023/11/06 14:34:56 messageHandle.go:125: S0N0 : is going to commit
S0N0: 2023/11/06 14:34:56 messageHandle.go:139: S0N0 : commit is broadcast
S0N0: 2023/11/06 14:34:56 messageHandle.go:151: S0N0 received the Commit from ...2
S0N0: 2023/11/06 14:34:56 messageHandle.go:94: S0N0 : received the Prepare ...
S0N0: 2023/11/06 14:34:56 messageHandle.go:151: S0N0 received the Commit from ...1
S0N0: 2023/11/06 14:34:56 messageHandle.go:163: S0N0 : has received 2f + 1 commits ... 
S0N0: 2023/11/06 14:34:56 pbftInside_module.go:59: S0N0 : adding the block 59...now height = 58 
S0N0: 2023/11/06 14:34:56 pbftInside_module.go:61: S0N0 : added the block 59... 
S0N0: 2023/11/06 14:34:56 pbftInside_module.go:66: S0N0 : main node is trying to send relay txs at height = 59 
S0N0: 2023/11/06 14:34:56 pbftInside_module.go:98: S0N0 : sended relay txs to 1
S0N0: 2023/11/06 14:34:56 pbftInside_module.go:119: S0N0 : sended excuted txs
S0N0: 2023/11/06 14:34:56 messageHandle.go:192: S0N0: this round of pbft 59 is end 
S0N0: 2023/11/06 14:34:56 messageHandle.go:199: S0N0 get sequenceLock unlocked...
S0N0: 2023/11/06 14:34:56 messageHandle.go:151: S0N0 received the Commit from ...3
S0N0: 2023/11/06 14:35:01 messageHandle.go:28: S0N0 get sequenceLock locked, now trying to propose...
S0N0: 2023/11/06 14:35:01 messageHandle.go:35: S0N0 put the request into the pool ...
