S1N0: 2023/11/06 18:34:51 messageHandle.go:28: S1N0 get sequenceLock locked, now trying to propose...
S1N0: 2023/11/06 18:34:51 messageHandle.go:35: S1N0 put the request into the pool ...
S1N0: 2023/11/06 18:34:53 messageHandle.go:94: S1N0 : received the Prepare ...
S1N0: 2023/11/06 18:34:53 messageHandle.go:94: S1N0 : received the Prepare ...
S1N0: 2023/11/06 18:34:53 messageHandle.go:125: S1N0 : is going to commit
S1N0: 2023/11/06 18:34:53 messageHandle.go:139: S1N0 : commit is broadcast
S1N0: 2023/11/06 18:34:53 messageHandle.go:151: S1N0 received the Commit from ...3
S1N0: 2023/11/06 18:34:53 messageHandle.go:94: S1N0 : received the Prepare ...
S1N0: 2023/11/06 18:34:53 messageHandle.go:151: S1N0 received the Commit from ...2
S1N0: 2023/11/06 18:34:53 messageHandle.go:163: S1N0 : has received 2f + 1 commits ... 
S1N0: 2023/11/06 18:34:53 pbftInside_module.go:59: S1N0 : adding the block 1...now height = 0 
S1N0: 2023/11/06 18:34:53 pbftInside_module.go:61: S1N0 : added the block 1... 
S1N0: 2023/11/06 18:34:53 pbftInside_module.go:66: S1N0 : main node is trying to send relay txs at height = 1 
S1N0: 2023/11/06 18:34:53 pbftInside_module.go:98: S1N0 : sended relay txs to 0
S1N0: 2023/11/06 18:34:53 pbftInside_module.go:119: S1N0 : sended excuted txs
S1N0: 2023/11/06 18:34:53 messageHandle.go:192: S1N0: this round of pbft 1 is end 
S1N0: 2023/11/06 18:34:53 messageHandle.go:199: S1N0 get sequenceLock unlocked...
S1N0: 2023/11/06 18:34:53 messageHandle.go:151: S1N0 received the Commit from ...1
S1N0: 2023/11/06 18:34:54 pbftOutside_module.go:34: S1N0 : has received relay txs from shard 0, the senderSeq is 1
S1N0: 2023/11/06 18:34:54 pbftOutside_module.go:39: S1N0 : has handled relay txs msg
S1N0: 2023/11/06 18:34:56 messageHandle.go:28: S1N0 get sequenceLock locked, now trying to propose...
S1N0: 2023/11/06 18:34:56 messageHandle.go:35: S1N0 put the request into the pool ...
S1N0: 2023/11/06 18:34:56 messageHandle.go:94: S1N0 : received the Prepare ...
S1N0: 2023/11/06 18:34:56 messageHandle.go:94: S1N0 : received the Prepare ...
S1N0: 2023/11/06 18:34:56 messageHandle.go:125: S1N0 : is going to commit
S1N0: 2023/11/06 18:34:56 messageHandle.go:139: S1N0 : commit is broadcast
S1N0: 2023/11/06 18:34:56 messageHandle.go:151: S1N0 received the Commit from ...2
S1N0: 2023/11/06 18:34:56 messageHandle.go:94: S1N0 : received the Prepare ...
S1N0: 2023/11/06 18:34:56 messageHandle.go:151: S1N0 received the Commit from ...1
S1N0: 2023/11/06 18:34:56 messageHandle.go:163: S1N0 : has received 2f + 1 commits ... 
S1N0: 2023/11/06 18:34:56 pbftInside_module.go:59: S1N0 : adding the block 2...now height = 1 
S1N0: 2023/11/06 18:34:56 pbftInside_module.go:61: S1N0 : added the block 2... 
S1N0: 2023/11/06 18:34:56 pbftInside_module.go:66: S1N0 : main node is trying to send relay txs at height = 2 
S1N0: 2023/11/06 18:34:56 pbftInside_module.go:98: S1N0 : sended relay txs to 0
S1N0: 2023/11/06 18:34:56 pbftInside_module.go:119: S1N0 : sended excuted txs
S1N0: 2023/11/06 18:34:56 messageHandle.go:192: S1N0: this round of pbft 2 is end 
S1N0: 2023/11/06 18:34:56 messageHandle.go:199: S1N0 get sequenceLock unlocked...
S1N0: 2023/11/06 18:34:56 messageHandle.go:151: S1N0 received the Commit from ...3
S1N0: 2023/11/06 18:34:59 pbftOutside_module.go:34: S1N0 : has received relay txs from shard 0, the senderSeq is 2
S1N0: 2023/11/06 18:34:59 pbftOutside_module.go:39: S1N0 : has handled relay txs msg
S1N0: 2023/11/06 18:35:01 messageHandle.go:28: S1N0 get sequenceLock locked, now trying to propose...
S1N0: 2023/11/06 18:35:01 messageHandle.go:35: S1N0 put the request into the pool ...
S1N0: 2023/11/06 18:35:01 messageHandle.go:94: S1N0 : received the Prepare ...
S1N0: 2023/11/06 18:35:01 messageHandle.go:94: S1N0 : received the Prepare ...
S1N0: 2023/11/06 18:35:01 messageHandle.go:125: S1N0 : is going to commit
S1N0: 2023/11/06 18:35:01 messageHandle.go:139: S1N0 : commit is broadcast
S1N0: 2023/11/06 18:35:01 messageHandle.go:151: S1N0 received the Commit from ...3
S1N0: 2023/11/06 18:35:01 messageHandle.go:94: S1N0 : received the Prepare ...
S1N0: 2023/11/06 18:35:01 messageHandle.go:151: S1N0 received the Commit from ...2
S1N0: 2023/11/06 18:35:01 messageHandle.go:163: S1N0 : has received 2f + 1 commits ... 
S1N0: 2023/11/06 18:35:01 pbftInside_module.go:59: S1N0 : adding the block 3...now height = 2 
S1N0: 2023/11/06 18:35:01 pbftInside_module.go:61: S1N0 : added the block 3... 
S1N0: 2023/11/06 18:35:01 pbftInside_module.go:66: S1N0 : main node is trying to send relay txs at height = 3 
S1N0: 2023/11/06 18:35:01 pbftInside_module.go:98: S1N0 : sended relay txs to 0
S1N0: 2023/11/06 18:35:01 pbftInside_module.go:119: S1N0 : sended excuted txs
S1N0: 2023/11/06 18:35:01 messageHandle.go:192: S1N0: this round of pbft 3 is end 
S1N0: 2023/11/06 18:35:01 messageHandle.go:199: S1N0 get sequenceLock unlocked...
S1N0: 2023/11/06 18:35:01 messageHandle.go:151: S1N0 received the Commit from ...1
S1N0: 2023/11/06 18:35:03 pbftOutside_module.go:49: S1N0 : has handled injected txs msg, txs: 1000 
S1N0: 2023/11/06 18:35:04 pbftOutside_module.go:49: S1N0 : has handled injected txs msg, txs: 1000 
S1N0: 2023/11/06 18:35:04 pbftOutside_module.go:34: S1N0 : has received relay txs from shard 0, the senderSeq is 3
S1N0: 2023/11/06 18:35:04 pbftOutside_module.go:39: S1N0 : has handled relay txs msg
S1N0: 2023/11/06 18:35:05 pbftOutside_module.go:49: S1N0 : has handled injected txs msg, txs: 1000 
S1N0: 2023/11/06 18:35:06 pbftOutside_module.go:49: S1N0 : has handled injected txs msg, txs: 1000 
S1N0: 2023/11/06 18:35:06 messageHandle.go:28: S1N0 get sequenceLock locked, now trying to propose...
S1N0: 2023/11/06 18:35:06 messageHandle.go:35: S1N0 put the request into the pool ...
S1N0: 2023/11/06 18:35:06 messageHandle.go:94: S1N0 : received the Prepare ...
S1N0: 2023/11/06 18:35:06 messageHandle.go:94: S1N0 : received the Prepare ...
S1N0: 2023/11/06 18:35:06 messageHandle.go:125: S1N0 : is going to commit
S1N0: 2023/11/06 18:35:06 messageHandle.go:139: S1N0 : commit is broadcast
S1N0: 2023/11/06 18:35:06 messageHandle.go:151: S1N0 received the Commit from ...3
S1N0: 2023/11/06 18:35:06 messageHandle.go:151: S1N0 received the Commit from ...2
S1N0: 2023/11/06 18:35:06 messageHandle.go:163: S1N0 : has received 2f + 1 commits ... 
S1N0: 2023/11/06 18:35:06 pbftInside_module.go:59: S1N0 : adding the block 4...now height = 3 
S1N0: 2023/11/06 18:35:06 pbftInside_module.go:61: S1N0 : added the block 4... 
S1N0: 2023/11/06 18:35:06 pbftInside_module.go:66: S1N0 : main node is trying to send relay txs at height = 4 
S1N0: 2023/11/06 18:35:06 pbftInside_module.go:98: S1N0 : sended relay txs to 0
S1N0: 2023/11/06 18:35:06 pbftInside_module.go:119: S1N0 : sended excuted txs
S1N0: 2023/11/06 18:35:06 messageHandle.go:192: S1N0: this round of pbft 4 is end 
S1N0: 2023/11/06 18:35:06 messageHandle.go:199: S1N0 get sequenceLock unlocked...
S1N0: 2023/11/06 18:35:06 messageHandle.go:94: S1N0 : received the Prepare ...
S1N0: 2023/11/06 18:35:06 messageHandle.go:151: S1N0 received the Commit from ...1
S1N0: 2023/11/06 18:35:07 pbftOutside_module.go:49: S1N0 : has handled injected txs msg, txs: 1000 
S1N0: 2023/11/06 18:35:08 pbftOutside_module.go:49: S1N0 : has handled injected txs msg, txs: 1000 
S1N0: 2023/11/06 18:35:09 pbftOutside_module.go:49: S1N0 : has handled injected txs msg, txs: 1000 
S1N0: 2023/11/06 18:35:09 pbftOutside_module.go:34: S1N0 : has received relay txs from shard 0, the senderSeq is 4
S1N0: 2023/11/06 18:35:09 pbftOutside_module.go:39: S1N0 : has handled relay txs msg
S1N0: 2023/11/06 18:35:10 pbftOutside_module.go:49: S1N0 : has handled injected txs msg, txs: 1000 
S1N0: 2023/11/06 18:35:11 pbftOutside_module.go:49: S1N0 : has handled injected txs msg, txs: 1000 
S1N0: 2023/11/06 18:35:11 messageHandle.go:28: S1N0 get sequenceLock locked, now trying to propose...
S1N0: 2023/11/06 18:35:11 messageHandle.go:35: S1N0 put the request into the pool ...
S1N0: 2023/11/06 18:35:12 messageHandle.go:94: S1N0 : received the Prepare ...
S1N0: 2023/11/06 18:35:12 messageHandle.go:94: S1N0 : received the Prepare ...
S1N0: 2023/11/06 18:35:12 messageHandle.go:125: S1N0 : is going to commit
S1N0: 2023/11/06 18:35:12 messageHandle.go:139: S1N0 : commit is broadcast
S1N0: 2023/11/06 18:35:12 messageHandle.go:151: S1N0 received the Commit from ...2
S1N0: 2023/11/06 18:35:12 messageHandle.go:94: S1N0 : received the Prepare ...
S1N0: 2023/11/06 18:35:12 messageHandle.go:151: S1N0 received the Commit from ...3
S1N0: 2023/11/06 18:35:12 messageHandle.go:163: S1N0 : has received 2f + 1 commits ... 
S1N0: 2023/11/06 18:35:12 pbftInside_module.go:59: S1N0 : adding the block 5...now height = 4 
S1N0: 2023/11/06 18:35:12 pbftInside_module.go:61: S1N0 : added the block 5... 
S1N0: 2023/11/06 18:35:12 pbftInside_module.go:66: S1N0 : main node is trying to send relay txs at height = 5 
S1N0: 2023/11/06 18:35:12 pbftInside_module.go:98: S1N0 : sended relay txs to 0
S1N0: 2023/11/06 18:35:12 pbftInside_module.go:119: S1N0 : sended excuted txs
S1N0: 2023/11/06 18:35:12 messageHandle.go:192: S1N0: this round of pbft 5 is end 
S1N0: 2023/11/06 18:35:12 messageHandle.go:199: S1N0 get sequenceLock unlocked...
S1N0: 2023/11/06 18:35:12 messageHandle.go:151: S1N0 received the Commit from ...1
S1N0: 2023/11/06 18:35:12 pbftOutside_module.go:49: S1N0 : has handled injected txs msg, txs: 1000 
S1N0: 2023/11/06 18:35:15 pbftOutside_module.go:34: S1N0 : has received relay txs from shard 0, the senderSeq is 5
S1N0: 2023/11/06 18:35:15 pbftOutside_module.go:39: S1N0 : has handled relay txs msg
S1N0: 2023/11/06 18:35:16 messageHandle.go:28: S1N0 get sequenceLock locked, now trying to propose...
S1N0: 2023/11/06 18:35:17 messageHandle.go:35: S1N0 put the request into the pool ...
S1N0: 2023/11/06 18:35:17 messageHandle.go:94: S1N0 : received the Prepare ...
S1N0: 2023/11/06 18:35:17 messageHandle.go:94: S1N0 : received the Prepare ...
S1N0: 2023/11/06 18:35:17 messageHandle.go:125: S1N0 : is going to commit
S1N0: 2023/11/06 18:35:17 messageHandle.go:139: S1N0 : commit is broadcast
S1N0: 2023/11/06 18:35:17 messageHandle.go:151: S1N0 received the Commit from ...1
S1N0: 2023/11/06 18:35:17 messageHandle.go:151: S1N0 received the Commit from ...3
S1N0: 2023/11/06 18:35:17 messageHandle.go:163: S1N0 : has received 2f + 1 commits ... 
S1N0: 2023/11/06 18:35:17 pbftInside_module.go:59: S1N0 : adding the block 6...now height = 5 
S1N0: 2023/11/06 18:35:17 pbftInside_module.go:61: S1N0 : added the block 6... 
S1N0: 2023/11/06 18:35:17 pbftInside_module.go:66: S1N0 : main node is trying to send relay txs at height = 6 
S1N0: 2023/11/06 18:35:17 pbftInside_module.go:98: S1N0 : sended relay txs to 0
S1N0: 2023/11/06 18:35:17 pbftInside_module.go:119: S1N0 : sended excuted txs
S1N0: 2023/11/06 18:35:17 messageHandle.go:192: S1N0: this round of pbft 6 is end 
S1N0: 2023/11/06 18:35:17 messageHandle.go:199: S1N0 get sequenceLock unlocked...
S1N0: 2023/11/06 18:35:17 messageHandle.go:94: S1N0 : received the Prepare ...
S1N0: 2023/11/06 18:35:17 messageHandle.go:151: S1N0 received the Commit from ...2
S1N0: 2023/11/06 18:35:20 pbftOutside_module.go:34: S1N0 : has received relay txs from shard 0, the senderSeq is 6
S1N0: 2023/11/06 18:35:20 pbftOutside_module.go:39: S1N0 : has handled relay txs msg
S1N0: 2023/11/06 18:35:22 messageHandle.go:28: S1N0 get sequenceLock locked, now trying to propose...
S1N0: 2023/11/06 18:35:22 messageHandle.go:35: S1N0 put the request into the pool ...
S1N0: 2023/11/06 18:35:22 messageHandle.go:94: S1N0 : received the Prepare ...
S1N0: 2023/11/06 18:35:22 messageHandle.go:94: S1N0 : received the Prepare ...
S1N0: 2023/11/06 18:35:22 messageHandle.go:125: S1N0 : is going to commit
S1N0: 2023/11/06 18:35:22 messageHandle.go:139: S1N0 : commit is broadcast
S1N0: 2023/11/06 18:35:22 messageHandle.go:151: S1N0 received the Commit from ...1
S1N0: 2023/11/06 18:35:22 messageHandle.go:151: S1N0 received the Commit from ...3
S1N0: 2023/11/06 18:35:22 messageHandle.go:163: S1N0 : has received 2f + 1 commits ... 
S1N0: 2023/11/06 18:35:22 pbftInside_module.go:59: S1N0 : adding the block 7...now height = 6 
S1N0: 2023/11/06 18:35:22 pbftInside_module.go:61: S1N0 : added the block 7... 
S1N0: 2023/11/06 18:35:22 pbftInside_module.go:66: S1N0 : main node is trying to send relay txs at height = 7 
S1N0: 2023/11/06 18:35:22 pbftInside_module.go:98: S1N0 : sended relay txs to 0
S1N0: 2023/11/06 18:35:22 pbftInside_module.go:119: S1N0 : sended excuted txs
S1N0: 2023/11/06 18:35:22 messageHandle.go:192: S1N0: this round of pbft 7 is end 
S1N0: 2023/11/06 18:35:22 messageHandle.go:199: S1N0 get sequenceLock unlocked...
S1N0: 2023/11/06 18:35:22 messageHandle.go:94: S1N0 : received the Prepare ...
S1N0: 2023/11/06 18:35:22 messageHandle.go:151: S1N0 received the Commit from ...2
S1N0: 2023/11/06 18:35:25 pbftOutside_module.go:34: S1N0 : has received relay txs from shard 0, the senderSeq is 7
S1N0: 2023/11/06 18:35:25 pbftOutside_module.go:39: S1N0 : has handled relay txs msg
S1N0: 2023/11/06 18:35:27 messageHandle.go:28: S1N0 get sequenceLock locked, now trying to propose...
S1N0: 2023/11/06 18:35:27 messageHandle.go:35: S1N0 put the request into the pool ...
S1N0: 2023/11/06 18:35:27 messageHandle.go:94: S1N0 : received the Prepare ...
S1N0: 2023/11/06 18:35:27 messageHandle.go:94: S1N0 : received the Prepare ...
S1N0: 2023/11/06 18:35:27 messageHandle.go:125: S1N0 : is going to commit
S1N0: 2023/11/06 18:35:27 messageHandle.go:139: S1N0 : commit is broadcast
S1N0: 2023/11/06 18:35:27 messageHandle.go:151: S1N0 received the Commit from ...2
S1N0: 2023/11/06 18:35:27 messageHandle.go:151: S1N0 received the Commit from ...3
S1N0: 2023/11/06 18:35:27 messageHandle.go:163: S1N0 : has received 2f + 1 commits ... 
S1N0: 2023/11/06 18:35:27 pbftInside_module.go:59: S1N0 : adding the block 8...now height = 7 
S1N0: 2023/11/06 18:35:27 pbftInside_module.go:61: S1N0 : added the block 8... 
S1N0: 2023/11/06 18:35:27 pbftInside_module.go:66: S1N0 : main node is trying to send relay txs at height = 8 
S1N0: 2023/11/06 18:35:27 pbftInside_module.go:98: S1N0 : sended relay txs to 0
S1N0: 2023/11/06 18:35:27 pbftInside_module.go:119: S1N0 : sended excuted txs
S1N0: 2023/11/06 18:35:27 messageHandle.go:192: S1N0: this round of pbft 8 is end 
S1N0: 2023/11/06 18:35:27 messageHandle.go:199: S1N0 get sequenceLock unlocked...
S1N0: 2023/11/06 18:35:27 messageHandle.go:94: S1N0 : received the Prepare ...
S1N0: 2023/11/06 18:35:27 messageHandle.go:151: S1N0 received the Commit from ...1
S1N0: 2023/11/06 18:35:30 pbftOutside_module.go:34: S1N0 : has received relay txs from shard 0, the senderSeq is 8
S1N0: 2023/11/06 18:35:30 pbftOutside_module.go:39: S1N0 : has handled relay txs msg
S1N0: 2023/11/06 18:35:32 messageHandle.go:28: S1N0 get sequenceLock locked, now trying to propose...
S1N0: 2023/11/06 18:35:32 messageHandle.go:35: S1N0 put the request into the pool ...
S1N0: 2023/11/06 18:35:32 messageHandle.go:94: S1N0 : received the Prepare ...
S1N0: 2023/11/06 18:35:32 messageHandle.go:94: S1N0 : received the Prepare ...
S1N0: 2023/11/06 18:35:32 messageHandle.go:125: S1N0 : is going to commit
S1N0: 2023/11/06 18:35:32 messageHandle.go:139: S1N0 : commit is broadcast
S1N0: 2023/11/06 18:35:32 messageHandle.go:151: S1N0 received the Commit from ...3
S1N0: 2023/11/06 18:35:32 messageHandle.go:94: S1N0 : received the Prepare ...
S1N0: 2023/11/06 18:35:32 messageHandle.go:151: S1N0 received the Commit from ...1
S1N0: 2023/11/06 18:35:32 messageHandle.go:163: S1N0 : has received 2f + 1 commits ... 
S1N0: 2023/11/06 18:35:32 pbftInside_module.go:59: S1N0 : adding the block 9...now height = 8 
S1N0: 2023/11/06 18:35:32 pbftInside_module.go:61: S1N0 : added the block 9... 
S1N0: 2023/11/06 18:35:32 pbftInside_module.go:66: S1N0 : main node is trying to send relay txs at height = 9 
S1N0: 2023/11/06 18:35:32 pbftInside_module.go:98: S1N0 : sended relay txs to 0
S1N0: 2023/11/06 18:35:32 pbftInside_module.go:119: S1N0 : sended excuted txs
S1N0: 2023/11/06 18:35:32 messageHandle.go:192: S1N0: this round of pbft 9 is end 
S1N0: 2023/11/06 18:35:32 messageHandle.go:199: S1N0 get sequenceLock unlocked...
S1N0: 2023/11/06 18:35:32 messageHandle.go:151: S1N0 received the Commit from ...2
S1N0: 2023/11/06 18:35:35 pbftOutside_module.go:34: S1N0 : has received relay txs from shard 0, the senderSeq is 9
S1N0: 2023/11/06 18:35:35 pbftOutside_module.go:39: S1N0 : has handled relay txs msg
S1N0: 2023/11/06 18:35:37 messageHandle.go:28: S1N0 get sequenceLock locked, now trying to propose...
S1N0: 2023/11/06 18:35:37 messageHandle.go:35: S1N0 put the request into the pool ...
S1N0: 2023/11/06 18:35:37 messageHandle.go:94: S1N0 : received the Prepare ...
S1N0: 2023/11/06 18:35:37 messageHandle.go:94: S1N0 : received the Prepare ...
S1N0: 2023/11/06 18:35:37 messageHandle.go:125: S1N0 : is going to commit
S1N0: 2023/11/06 18:35:37 messageHandle.go:139: S1N0 : commit is broadcast
S1N0: 2023/11/06 18:35:37 messageHandle.go:151: S1N0 received the Commit from ...2
S1N0: 2023/11/06 18:35:37 messageHandle.go:94: S1N0 : received the Prepare ...
S1N0: 2023/11/06 18:35:37 messageHandle.go:151: S1N0 received the Commit from ...3
S1N0: 2023/11/06 18:35:37 messageHandle.go:163: S1N0 : has received 2f + 1 commits ... 
S1N0: 2023/11/06 18:35:37 pbftInside_module.go:59: S1N0 : adding the block 10...now height = 9 
S1N0: 2023/11/06 18:35:37 pbftInside_module.go:61: S1N0 : added the block 10... 
S1N0: 2023/11/06 18:35:37 pbftInside_module.go:66: S1N0 : main node is trying to send relay txs at height = 10 
S1N0: 2023/11/06 18:35:37 pbftInside_module.go:98: S1N0 : sended relay txs to 0
S1N0: 2023/11/06 18:35:37 pbftInside_module.go:119: S1N0 : sended excuted txs
S1N0: 2023/11/06 18:35:37 messageHandle.go:192: S1N0: this round of pbft 10 is end 
S1N0: 2023/11/06 18:35:37 messageHandle.go:199: S1N0 get sequenceLock unlocked...
S1N0: 2023/11/06 18:35:37 messageHandle.go:151: S1N0 received the Commit from ...1
S1N0: 2023/11/06 18:35:40 pbftOutside_module.go:34: S1N0 : has received relay txs from shard 0, the senderSeq is 10
S1N0: 2023/11/06 18:35:40 pbftOutside_module.go:39: S1N0 : has handled relay txs msg
S1N0: 2023/11/06 18:35:42 messageHandle.go:28: S1N0 get sequenceLock locked, now trying to propose...
S1N0: 2023/11/06 18:35:42 messageHandle.go:35: S1N0 put the request into the pool ...
S1N0: 2023/11/06 18:35:42 messageHandle.go:94: S1N0 : received the Prepare ...
S1N0: 2023/11/06 18:35:42 messageHandle.go:94: S1N0 : received the Prepare ...
S1N0: 2023/11/06 18:35:42 messageHandle.go:125: S1N0 : is going to commit
S1N0: 2023/11/06 18:35:42 messageHandle.go:139: S1N0 : commit is broadcast
S1N0: 2023/11/06 18:35:42 messageHandle.go:94: S1N0 : received the Prepare ...
S1N0: 2023/11/06 18:35:42 messageHandle.go:151: S1N0 received the Commit from ...3
S1N0: 2023/11/06 18:35:42 messageHandle.go:151: S1N0 received the Commit from ...2
S1N0: 2023/11/06 18:35:42 messageHandle.go:163: S1N0 : has received 2f + 1 commits ... 
S1N0: 2023/11/06 18:35:42 pbftInside_module.go:59: S1N0 : adding the block 11...now height = 10 
S1N0: 2023/11/06 18:35:42 pbftInside_module.go:61: S1N0 : added the block 11... 
S1N0: 2023/11/06 18:35:42 pbftInside_module.go:66: S1N0 : main node is trying to send relay txs at height = 11 
S1N0: 2023/11/06 18:35:42 pbftInside_module.go:98: S1N0 : sended relay txs to 0
S1N0: 2023/11/06 18:35:42 pbftInside_module.go:119: S1N0 : sended excuted txs
S1N0: 2023/11/06 18:35:42 messageHandle.go:192: S1N0: this round of pbft 11 is end 
S1N0: 2023/11/06 18:35:42 messageHandle.go:199: S1N0 get sequenceLock unlocked...
S1N0: 2023/11/06 18:35:42 messageHandle.go:151: S1N0 received the Commit from ...1
S1N0: 2023/11/06 18:35:45 pbftOutside_module.go:34: S1N0 : has received relay txs from shard 0, the senderSeq is 11
S1N0: 2023/11/06 18:35:45 pbftOutside_module.go:39: S1N0 : has handled relay txs msg
S1N0: 2023/11/06 18:35:47 messageHandle.go:28: S1N0 get sequenceLock locked, now trying to propose...
S1N0: 2023/11/06 18:35:47 messageHandle.go:35: S1N0 put the request into the pool ...
S1N0: 2023/11/06 18:35:47 messageHandle.go:94: S1N0 : received the Prepare ...
S1N0: 2023/11/06 18:35:47 messageHandle.go:94: S1N0 : received the Prepare ...
S1N0: 2023/11/06 18:35:47 messageHandle.go:125: S1N0 : is going to commit
S1N0: 2023/11/06 18:35:47 messageHandle.go:139: S1N0 : commit is broadcast
S1N0: 2023/11/06 18:35:47 messageHandle.go:94: S1N0 : received the Prepare ...
S1N0: 2023/11/06 18:35:47 messageHandle.go:151: S1N0 received the Commit from ...2
S1N0: 2023/11/06 18:35:47 messageHandle.go:151: S1N0 received the Commit from ...3
S1N0: 2023/11/06 18:35:47 messageHandle.go:163: S1N0 : has received 2f + 1 commits ... 
S1N0: 2023/11/06 18:35:47 pbftInside_module.go:59: S1N0 : adding the block 12...now height = 11 
S1N0: 2023/11/06 18:35:47 pbftInside_module.go:61: S1N0 : added the block 12... 
S1N0: 2023/11/06 18:35:47 pbftInside_module.go:66: S1N0 : main node is trying to send relay txs at height = 12 
S1N0: 2023/11/06 18:35:47 pbftInside_module.go:98: S1N0 : sended relay txs to 0
S1N0: 2023/11/06 18:35:47 pbftInside_module.go:119: S1N0 : sended excuted txs
S1N0: 2023/11/06 18:35:47 messageHandle.go:192: S1N0: this round of pbft 12 is end 
S1N0: 2023/11/06 18:35:47 messageHandle.go:199: S1N0 get sequenceLock unlocked...
S1N0: 2023/11/06 18:35:47 messageHandle.go:151: S1N0 received the Commit from ...1
S1N0: 2023/11/06 18:35:50 pbftOutside_module.go:34: S1N0 : has received relay txs from shard 0, the senderSeq is 12
S1N0: 2023/11/06 18:35:50 pbftOutside_module.go:39: S1N0 : has handled relay txs msg
S1N0: 2023/11/06 18:35:52 messageHandle.go:28: S1N0 get sequenceLock locked, now trying to propose...
S1N0: 2023/11/06 18:35:52 messageHandle.go:35: S1N0 put the request into the pool ...
S1N0: 2023/11/06 18:35:52 messageHandle.go:94: S1N0 : received the Prepare ...
S1N0: 2023/11/06 18:35:52 messageHandle.go:94: S1N0 : received the Prepare ...
S1N0: 2023/11/06 18:35:52 messageHandle.go:125: S1N0 : is going to commit
S1N0: 2023/11/06 18:35:52 messageHandle.go:139: S1N0 : commit is broadcast
S1N0: 2023/11/06 18:35:52 messageHandle.go:94: S1N0 : received the Prepare ...
S1N0: 2023/11/06 18:35:52 messageHandle.go:151: S1N0 received the Commit from ...3
S1N0: 2023/11/06 18:35:52 messageHandle.go:151: S1N0 received the Commit from ...2
S1N0: 2023/11/06 18:35:52 messageHandle.go:163: S1N0 : has received 2f + 1 commits ... 
S1N0: 2023/11/06 18:35:52 pbftInside_module.go:59: S1N0 : adding the block 13...now height = 12 
S1N0: 2023/11/06 18:35:52 pbftInside_module.go:61: S1N0 : added the block 13... 
S1N0: 2023/11/06 18:35:52 pbftInside_module.go:66: S1N0 : main node is trying to send relay txs at height = 13 
S1N0: 2023/11/06 18:35:52 pbftInside_module.go:98: S1N0 : sended relay txs to 0
S1N0: 2023/11/06 18:35:52 pbftInside_module.go:119: S1N0 : sended excuted txs
S1N0: 2023/11/06 18:35:52 messageHandle.go:192: S1N0: this round of pbft 13 is end 
S1N0: 2023/11/06 18:35:52 messageHandle.go:199: S1N0 get sequenceLock unlocked...
S1N0: 2023/11/06 18:35:52 messageHandle.go:151: S1N0 received the Commit from ...1
S1N0: 2023/11/06 18:35:52 pbft.go:253: handling stop message
S1N0: 2023/11/06 18:35:57 messageHandle.go:28: S1N0 get sequenceLock locked, now trying to propose...
S1N0: 2023/11/06 18:35:57 messageHandle.go:35: S1N0 put the request into the pool ...
S1N0: 2023/11/06 18:35:57 messageHandle.go:21: S1N0 stop...
2023/11/06 18:02:11 messageHandle.go:35: S1N0 put the request into the pool ...
S1N0: 2023/11/06 18:02:11 messageHandle.go:94: S1N0 : received the Prepare ...
S1N0: 2023/11/06 18:02:11 messageHandle.go:94: S1N0 : received the Prepare ...
S1N0: 2023/11/06 18:02:11 messageHandle.go:125: S1N0 : is going to commit
S1N0: 2023/11/06 18:02:11 messageHandle.go:139: S1N0 : commit is broadcast
S1N0: 2023/11/06 18:02:11 messageHandle.go:151: S1N0 received the Commit from ...2
S1N0: 2023/11/06 18:02:11 messageHandle.go:94: S1N0 : received the Prepare ...
S1N0: 2023/11/06 18:02:11 messageHandle.go:151: S1N0 received the Commit from ...1
S1N0: 2023/11/06 18:02:11 messageHandle.go:163: S1N0 : has received 2f + 1 commits ... 
S1N0: 2023/11/06 18:02:11 pbftInside_module.go:59: S1N0 : adding the block 14...now height = 13 
S1N0: 2023/11/06 18:02:11 pbftInside_module.go:61: S1N0 : added the block 14... 
S1N0: 2023/11/06 18:02:11 pbftInside_module.go:66: S1N0 : main node is trying to send relay txs at height = 14 
S1N0: 2023/11/06 18:02:11 pbftInside_module.go:98: S1N0 : sended relay txs to 0
S1N0: 2023/11/06 18:02:11 pbftInside_module.go:119: S1N0 : sended excuted txs
S1N0: 2023/11/06 18:02:11 messageHandle.go:192: S1N0: this round of pbft 14 is end 
S1N0: 2023/11/06 18:02:11 messageHandle.go:199: S1N0 get sequenceLock unlocked...
S1N0: 2023/11/06 18:02:11 messageHandle.go:151: S1N0 received the Commit from ...3
S1N0: 2023/11/06 18:02:11 pbftOutside_module.go:34: S1N0 : has received relay txs from shard 0, the senderSeq is 14
S1N0: 2023/11/06 18:02:11 pbftOutside_module.go:39: S1N0 : has handled relay txs msg
S1N0: 2023/11/06 18:02:16 messageHandle.go:28: S1N0 get sequenceLock locked, now trying to propose...
S1N0: 2023/11/06 18:02:16 messageHandle.go:35: S1N0 put the request into the pool ...
S1N0: 2023/11/06 18:02:16 messageHandle.go:94: S1N0 : received the Prepare ...
S1N0: 2023/11/06 18:02:16 messageHandle.go:94: S1N0 : received the Prepare ...
S1N0: 2023/11/06 18:02:16 messageHandle.go:125: S1N0 : is going to commit
S1N0: 2023/11/06 18:02:16 messageHandle.go:139: S1N0 : commit is broadcast
S1N0: 2023/11/06 18:02:16 messageHandle.go:151: S1N0 received the Commit from ...3
S1N0: 2023/11/06 18:02:16 messageHandle.go:94: S1N0 : received the Prepare ...
S1N0: 2023/11/06 18:02:16 messageHandle.go:151: S1N0 received the Commit from ...1
S1N0: 2023/11/06 18:02:16 messageHandle.go:163: S1N0 : has received 2f + 1 commits ... 
S1N0: 2023/11/06 18:02:16 pbftInside_module.go:59: S1N0 : adding the block 15...now height = 14 
S1N0: 2023/11/06 18:02:16 pbftInside_module.go:61: S1N0 : added the block 15... 
S1N0: 2023/11/06 18:02:16 pbftInside_module.go:66: S1N0 : main node is trying to send relay txs at height = 15 
S1N0: 2023/11/06 18:02:16 pbftInside_module.go:98: S1N0 : sended relay txs to 0
S1N0: 2023/11/06 18:02:16 pbftInside_module.go:119: S1N0 : sended excuted txs
S1N0: 2023/11/06 18:02:16 messageHandle.go:192: S1N0: this round of pbft 15 is end 
S1N0: 2023/11/06 18:02:16 messageHandle.go:199: S1N0 get sequenceLock unlocked...
S1N0: 2023/11/06 18:02:16 messageHandle.go:151: S1N0 received the Commit from ...2
S1N0: 2023/11/06 18:02:16 pbftOutside_module.go:34: S1N0 : has received relay txs from shard 0, the senderSeq is 15
S1N0: 2023/11/06 18:02:16 pbftOutside_module.go:39: S1N0 : has handled relay txs msg
S1N0: 2023/11/06 18:02:21 messageHandle.go:28: S1N0 get sequenceLock locked, now trying to propose...
S1N0: 2023/11/06 18:02:21 messageHandle.go:35: S1N0 put the request into the pool ...
S1N0: 2023/11/06 18:02:21 messageHandle.go:94: S1N0 : received the Prepare ...
S1N0: 2023/11/06 18:02:21 messageHandle.go:94: S1N0 : received the Prepare ...
S1N0: 2023/11/06 18:02:21 messageHandle.go:125: S1N0 : is going to commit
S1N0: 2023/11/06 18:02:21 messageHandle.go:139: S1N0 : commit is broadcast
S1N0: 2023/11/06 18:02:21 messageHandle.go:151: S1N0 received the Commit from ...2
S1N0: 2023/11/06 18:02:21 messageHandle.go:94: S1N0 : received the Prepare ...
S1N0: 2023/11/06 18:02:21 messageHandle.go:151: S1N0 received the Commit from ...1
S1N0: 2023/11/06 18:02:21 messageHandle.go:163: S1N0 : has received 2f + 1 commits ... 
S1N0: 2023/11/06 18:02:21 pbftInside_module.go:59: S1N0 : adding the block 16...now height = 15 
S1N0: 2023/11/06 18:02:21 pbftInside_module.go:61: S1N0 : added the block 16... 
S1N0: 2023/11/06 18:02:21 pbftInside_module.go:66: S1N0 : main node is trying to send relay txs at height = 16 
S1N0: 2023/11/06 18:02:21 pbftInside_module.go:98: S1N0 : sended relay txs to 0
S1N0: 2023/11/06 18:02:21 pbftInside_module.go:119: S1N0 : sended excuted txs
S1N0: 2023/11/06 18:02:21 messageHandle.go:192: S1N0: this round of pbft 16 is end 
S1N0: 2023/11/06 18:02:21 messageHandle.go:199: S1N0 get sequenceLock unlocked...
S1N0: 2023/11/06 18:02:21 messageHandle.go:151: S1N0 received the Commit from ...3
S1N0: 2023/11/06 18:02:21 pbftOutside_module.go:34: S1N0 : has received relay txs from shard 0, the senderSeq is 16
S1N0: 2023/11/06 18:02:21 pbftOutside_module.go:39: S1N0 : has handled relay txs msg
S1N0: 2023/11/06 18:02:21 pbft.go:253: handling stop message
S1N0: 2023/11/06 18:02:26 messageHandle.go:28: S1N0 get sequenceLock locked, now trying to propose...
S1N0: 2023/11/06 18:02:26 messageHandle.go:35: S1N0 put the request into the pool ...
S1N0: 2023/11/06 18:02:26 messageHandle.go:21: S1N0 stop...
:94: S1N0 : received the Prepare ...
S1N0: 2023/11/06 13:45:32 messageHandle.go:125: S1N0 : is going to commit
S1N0: 2023/11/06 13:45:32 messageHandle.go:139: S1N0 : commit is broadcast
S1N0: 2023/11/06 13:45:32 messageHandle.go:151: S1N0 received the Commit from ...2
S1N0: 2023/11/06 13:45:32 messageHandle.go:94: S1N0 : received the Prepare ...
S1N0: 2023/11/06 13:45:32 messageHandle.go:151: S1N0 received the Commit from ...3
S1N0: 2023/11/06 13:45:32 messageHandle.go:163: S1N0 : has received 2f + 1 commits ... 
S1N0: 2023/11/06 13:45:32 pbftInside_module.go:59: S1N0 : adding the block 17...now height = 16 
S1N0: 2023/11/06 13:45:32 pbftInside_module.go:61: S1N0 : added the block 17... 
S1N0: 2023/11/06 13:45:32 pbftInside_module.go:66: S1N0 : main node is trying to send relay txs at height = 17 
S1N0: 2023/11/06 13:45:32 pbftInside_module.go:98: S1N0 : sended relay txs to 0
S1N0: 2023/11/06 13:45:32 pbftInside_module.go:119: S1N0 : sended excuted txs
S1N0: 2023/11/06 13:45:32 messageHandle.go:192: S1N0: this round of pbft 17 is end 
S1N0: 2023/11/06 13:45:32 messageHandle.go:199: S1N0 get sequenceLock unlocked...
S1N0: 2023/11/06 13:45:32 messageHandle.go:151: S1N0 received the Commit from ...1
S1N0: 2023/11/06 13:45:32 pbft.go:253: handling stop message
S1N0: 2023/11/06 13:45:37 messageHandle.go:28: S1N0 get sequenceLock locked, now trying to propose...
S1N0: 2023/11/06 13:45:37 messageHandle.go:35: S1N0 put the request into the pool ...
S1N0: 2023/11/06 13:45:37 messageHandle.go:21: S1N0 stop...
