S1N2: 2023/11/06 18:34:53 pbftInside_module.go:42: S1N2 : the pre-prepare message is correct, putting it into the RequestPool. 
S1N2: 2023/11/06 18:34:53 messageHandle.go:89: S1N2 : has broadcast the prepare message 
S1N2: 2023/11/06 18:34:53 messageHandle.go:94: S1N2 : received the Prepare ...
S1N2: 2023/11/06 18:34:53 messageHandle.go:125: S1N2 : is going to commit
S1N2: 2023/11/06 18:34:53 messageHandle.go:139: S1N2 : commit is broadcast
S1N2: 2023/11/06 18:34:53 messageHandle.go:94: S1N2 : received the Prepare ...
S1N2: 2023/11/06 18:34:53 messageHandle.go:151: S1N2 received the Commit from ...3
S1N2: 2023/11/06 18:34:53 messageHandle.go:151: S1N2 received the Commit from ...0
S1N2: 2023/11/06 18:34:53 messageHandle.go:163: S1N2 : has received 2f + 1 commits ... 
S1N2: 2023/11/06 18:34:53 pbftInside_module.go:59: S1N2 : adding the block 1...now height = 0 
S1N2: 2023/11/06 18:34:53 pbftInside_module.go:61: S1N2 : added the block 1... 
S1N2: 2023/11/06 18:34:53 messageHandle.go:192: S1N2: this round of pbft 1 is end 
S1N2: 2023/11/06 18:34:53 messageHandle.go:151: S1N2 received the Commit from ...1
S1N2: 2023/11/06 18:34:56 pbftInside_module.go:42: S1N2 : the pre-prepare message is correct, putting it into the RequestPool. 
S1N2: 2023/11/06 18:34:56 messageHandle.go:89: S1N2 : has broadcast the prepare message 
S1N2: 2023/11/06 18:34:56 messageHandle.go:94: S1N2 : received the Prepare ...
S1N2: 2023/11/06 18:34:56 messageHandle.go:125: S1N2 : is going to commit
S1N2: 2023/11/06 18:34:56 messageHandle.go:139: S1N2 : commit is broadcast
S1N2: 2023/11/06 18:34:56 messageHandle.go:94: S1N2 : received the Prepare ...
S1N2: 2023/11/06 18:34:56 messageHandle.go:151: S1N2 received the Commit from ...1
S1N2: 2023/11/06 18:34:56 messageHandle.go:151: S1N2 received the Commit from ...3
S1N2: 2023/11/06 18:34:56 messageHandle.go:163: S1N2 : has received 2f + 1 commits ... 
S1N2: 2023/11/06 18:34:56 pbftInside_module.go:59: S1N2 : adding the block 2...now height = 1 
S1N2: 2023/11/06 18:34:56 pbftInside_module.go:61: S1N2 : added the block 2... 
S1N2: 2023/11/06 18:34:56 messageHandle.go:192: S1N2: this round of pbft 2 is end 
S1N2: 2023/11/06 18:34:56 messageHandle.go:151: S1N2 received the Commit from ...0
S1N2: 2023/11/06 18:35:01 pbftInside_module.go:42: S1N2 : the pre-prepare message is correct, putting it into the RequestPool. 
S1N2: 2023/11/06 18:35:01 messageHandle.go:89: S1N2 : has broadcast the prepare message 
S1N2: 2023/11/06 18:35:01 messageHandle.go:94: S1N2 : received the Prepare ...
S1N2: 2023/11/06 18:35:01 messageHandle.go:125: S1N2 : is going to commit
S1N2: 2023/11/06 18:35:01 messageHandle.go:139: S1N2 : commit is broadcast
S1N2: 2023/11/06 18:35:01 messageHandle.go:151: S1N2 received the Commit from ...1
S1N2: 2023/11/06 18:35:01 messageHandle.go:94: S1N2 : received the Prepare ...
S1N2: 2023/11/06 18:35:01 messageHandle.go:151: S1N2 received the Commit from ...0
S1N2: 2023/11/06 18:35:01 messageHandle.go:163: S1N2 : has received 2f + 1 commits ... 
S1N2: 2023/11/06 18:35:01 pbftInside_module.go:59: S1N2 : adding the block 3...now height = 2 
S1N2: 2023/11/06 18:35:01 pbftInside_module.go:61: S1N2 : added the block 3... 
S1N2: 2023/11/06 18:35:01 messageHandle.go:192: S1N2: this round of pbft 3 is end 
S1N2: 2023/11/06 18:35:01 messageHandle.go:151: S1N2 received the Commit from ...3
S1N2: 2023/11/06 18:35:06 pbftInside_module.go:42: S1N2 : the pre-prepare message is correct, putting it into the RequestPool. 
S1N2: 2023/11/06 18:35:06 messageHandle.go:89: S1N2 : has broadcast the prepare message 
S1N2: 2023/11/06 18:35:06 messageHandle.go:94: S1N2 : received the Prepare ...
S1N2: 2023/11/06 18:35:06 messageHandle.go:125: S1N2 : is going to commit
S1N2: 2023/11/06 18:35:06 messageHandle.go:139: S1N2 : commit is broadcast
S1N2: 2023/11/06 18:35:06 messageHandle.go:151: S1N2 received the Commit from ...3
S1N2: 2023/11/06 18:35:06 messageHandle.go:151: S1N2 received the Commit from ...0
S1N2: 2023/11/06 18:35:06 messageHandle.go:163: S1N2 : has received 2f + 1 commits ... 
S1N2: 2023/11/06 18:35:06 pbftInside_module.go:59: S1N2 : adding the block 4...now height = 3 
S1N2: 2023/11/06 18:35:07 pbftInside_module.go:61: S1N2 : added the block 4... 
S1N2: 2023/11/06 18:35:07 messageHandle.go:192: S1N2: this round of pbft 4 is end 
S1N2: 2023/11/06 18:35:07 messageHandle.go:94: S1N2 : received the Prepare ...
S1N2: 2023/11/06 18:35:07 messageHandle.go:151: S1N2 received the Commit from ...1
S1N2: 2023/11/06 18:35:12 pbftInside_module.go:42: S1N2 : the pre-prepare message is correct, putting it into the RequestPool. 
S1N2: 2023/11/06 18:35:12 messageHandle.go:89: S1N2 : has broadcast the prepare message 
S1N2: 2023/11/06 18:35:12 messageHandle.go:94: S1N2 : received the Prepare ...
S1N2: 2023/11/06 18:35:12 messageHandle.go:125: S1N2 : is going to commit
S1N2: 2023/11/06 18:35:12 messageHandle.go:139: S1N2 : commit is broadcast
S1N2: 2023/11/06 18:35:12 messageHandle.go:94: S1N2 : received the Prepare ...
S1N2: 2023/11/06 18:35:12 messageHandle.go:151: S1N2 received the Commit from ...1
S1N2: 2023/11/06 18:35:12 messageHandle.go:151: S1N2 received the Commit from ...3
S1N2: 2023/11/06 18:35:12 messageHandle.go:163: S1N2 : has received 2f + 1 commits ... 
S1N2: 2023/11/06 18:35:12 pbftInside_module.go:59: S1N2 : adding the block 5...now height = 4 
S1N2: 2023/11/06 18:35:12 pbftInside_module.go:61: S1N2 : added the block 5... 
S1N2: 2023/11/06 18:35:12 messageHandle.go:192: S1N2: this round of pbft 5 is end 
S1N2: 2023/11/06 18:35:12 messageHandle.go:151: S1N2 received the Commit from ...0
S1N2: 2023/11/06 18:35:17 pbftInside_module.go:42: S1N2 : the pre-prepare message is correct, putting it into the RequestPool. 
S1N2: 2023/11/06 18:35:17 messageHandle.go:89: S1N2 : has broadcast the prepare message 
S1N2: 2023/11/06 18:35:17 messageHandle.go:94: S1N2 : received the Prepare ...
S1N2: 2023/11/06 18:35:17 messageHandle.go:125: S1N2 : is going to commit
S1N2: 2023/11/06 18:35:17 messageHandle.go:139: S1N2 : commit is broadcast
S1N2: 2023/11/06 18:35:17 messageHandle.go:94: S1N2 : received the Prepare ...
S1N2: 2023/11/06 18:35:17 messageHandle.go:151: S1N2 received the Commit from ...1
S1N2: 2023/11/06 18:35:17 messageHandle.go:151: S1N2 received the Commit from ...0
S1N2: 2023/11/06 18:35:17 messageHandle.go:163: S1N2 : has received 2f + 1 commits ... 
S1N2: 2023/11/06 18:35:17 pbftInside_module.go:59: S1N2 : adding the block 6...now height = 5 
S1N2: 2023/11/06 18:35:17 pbftInside_module.go:61: S1N2 : added the block 6... 
S1N2: 2023/11/06 18:35:17 messageHandle.go:192: S1N2: this round of pbft 6 is end 
S1N2: 2023/11/06 18:35:17 messageHandle.go:151: S1N2 received the Commit from ...3
S1N2: 2023/11/06 18:35:22 pbftInside_module.go:42: S1N2 : the pre-prepare message is correct, putting it into the RequestPool. 
S1N2: 2023/11/06 18:35:22 messageHandle.go:89: S1N2 : has broadcast the prepare message 
S1N2: 2023/11/06 18:35:22 messageHandle.go:151: S1N2 received the Commit from ...0
S1N2: 2023/11/06 18:35:22 messageHandle.go:94: S1N2 : received the Prepare ...
S1N2: 2023/11/06 18:35:22 messageHandle.go:125: S1N2 : is going to commit
S1N2: 2023/11/06 18:35:22 messageHandle.go:139: S1N2 : commit is broadcast
S1N2: 2023/11/06 18:35:22 messageHandle.go:94: S1N2 : received the Prepare ...
S1N2: 2023/11/06 18:35:22 messageHandle.go:151: S1N2 received the Commit from ...1
S1N2: 2023/11/06 18:35:22 messageHandle.go:163: S1N2 : has received 2f + 1 commits ... 
S1N2: 2023/11/06 18:35:22 pbftInside_module.go:59: S1N2 : adding the block 7...now height = 6 
S1N2: 2023/11/06 18:35:22 pbftInside_module.go:61: S1N2 : added the block 7... 
S1N2: 2023/11/06 18:35:22 messageHandle.go:192: S1N2: this round of pbft 7 is end 
S1N2: 2023/11/06 18:35:22 messageHandle.go:151: S1N2 received the Commit from ...3
S1N2: 2023/11/06 18:35:27 pbftInside_module.go:42: S1N2 : the pre-prepare message is correct, putting it into the RequestPool. 
S1N2: 2023/11/06 18:35:27 messageHandle.go:89: S1N2 : has broadcast the prepare message 
S1N2: 2023/11/06 18:35:27 messageHandle.go:94: S1N2 : received the Prepare ...
S1N2: 2023/11/06 18:35:27 messageHandle.go:125: S1N2 : is going to commit
S1N2: 2023/11/06 18:35:27 messageHandle.go:139: S1N2 : commit is broadcast
S1N2: 2023/11/06 18:35:27 messageHandle.go:94: S1N2 : received the Prepare ...
S1N2: 2023/11/06 18:35:27 messageHandle.go:151: S1N2 received the Commit from ...1
S1N2: 2023/11/06 18:35:27 messageHandle.go:151: S1N2 received the Commit from ...0
S1N2: 2023/11/06 18:35:27 messageHandle.go:163: S1N2 : has received 2f + 1 commits ... 
S1N2: 2023/11/06 18:35:27 pbftInside_module.go:59: S1N2 : adding the block 8...now height = 7 
S1N2: 2023/11/06 18:35:27 pbftInside_module.go:61: S1N2 : added the block 8... 
S1N2: 2023/11/06 18:35:27 messageHandle.go:192: S1N2: this round of pbft 8 is end 
S1N2: 2023/11/06 18:35:27 messageHandle.go:151: S1N2 received the Commit from ...3
S1N2: 2023/11/06 18:35:32 pbftInside_module.go:42: S1N2 : the pre-prepare message is correct, putting it into the RequestPool. 
S1N2: 2023/11/06 18:35:32 messageHandle.go:89: S1N2 : has broadcast the prepare message 
S1N2: 2023/11/06 18:35:32 messageHandle.go:94: S1N2 : received the Prepare ...
S1N2: 2023/11/06 18:35:32 messageHandle.go:125: S1N2 : is going to commit
S1N2: 2023/11/06 18:35:32 messageHandle.go:139: S1N2 : commit is broadcast
S1N2: 2023/11/06 18:35:32 messageHandle.go:94: S1N2 : received the Prepare ...
S1N2: 2023/11/06 18:35:32 messageHandle.go:151: S1N2 received the Commit from ...3
S1N2: 2023/11/06 18:35:32 messageHandle.go:151: S1N2 received the Commit from ...1
S1N2: 2023/11/06 18:35:32 messageHandle.go:163: S1N2 : has received 2f + 1 commits ... 
S1N2: 2023/11/06 18:35:32 pbftInside_module.go:59: S1N2 : adding the block 9...now height = 8 
S1N2: 2023/11/06 18:35:32 pbftInside_module.go:61: S1N2 : added the block 9... 
S1N2: 2023/11/06 18:35:32 messageHandle.go:192: S1N2: this round of pbft 9 is end 
S1N2: 2023/11/06 18:35:32 messageHandle.go:151: S1N2 received the Commit from ...0
S1N2: 2023/11/06 18:35:37 pbftInside_module.go:42: S1N2 : the pre-prepare message is correct, putting it into the RequestPool. 
S1N2: 2023/11/06 18:35:37 messageHandle.go:89: S1N2 : has broadcast the prepare message 
S1N2: 2023/11/06 18:35:37 messageHandle.go:94: S1N2 : received the Prepare ...
S1N2: 2023/11/06 18:35:37 messageHandle.go:125: S1N2 : is going to commit
S1N2: 2023/11/06 18:35:37 messageHandle.go:139: S1N2 : commit is broadcast
S1N2: 2023/11/06 18:35:37 messageHandle.go:151: S1N2 received the Commit from ...1
S1N2: 2023/11/06 18:35:37 messageHandle.go:94: S1N2 : received the Prepare ...
S1N2: 2023/11/06 18:35:37 messageHandle.go:151: S1N2 received the Commit from ...3
S1N2: 2023/11/06 18:35:37 messageHandle.go:163: S1N2 : has received 2f + 1 commits ... 
S1N2: 2023/11/06 18:35:37 pbftInside_module.go:59: S1N2 : adding the block 10...now height = 9 
S1N2: 2023/11/06 18:35:37 pbftInside_module.go:61: S1N2 : added the block 10... 
S1N2: 2023/11/06 18:35:37 messageHandle.go:192: S1N2: this round of pbft 10 is end 
S1N2: 2023/11/06 18:35:37 messageHandle.go:151: S1N2 received the Commit from ...0
S1N2: 2023/11/06 18:35:42 pbftInside_module.go:42: S1N2 : the pre-prepare message is correct, putting it into the RequestPool. 
S1N2: 2023/11/06 18:35:42 messageHandle.go:89: S1N2 : has broadcast the prepare message 
S1N2: 2023/11/06 18:35:42 messageHandle.go:94: S1N2 : received the Prepare ...
S1N2: 2023/11/06 18:35:42 messageHandle.go:125: S1N2 : is going to commit
S1N2: 2023/11/06 18:35:42 messageHandle.go:139: S1N2 : commit is broadcast
S1N2: 2023/11/06 18:35:42 messageHandle.go:94: S1N2 : received the Prepare ...
S1N2: 2023/11/06 18:35:42 messageHandle.go:151: S1N2 received the Commit from ...3
S1N2: 2023/11/06 18:35:42 messageHandle.go:151: S1N2 received the Commit from ...1
S1N2: 2023/11/06 18:35:42 messageHandle.go:163: S1N2 : has received 2f + 1 commits ... 
S1N2: 2023/11/06 18:35:42 pbftInside_module.go:59: S1N2 : adding the block 11...now height = 10 
S1N2: 2023/11/06 18:35:42 pbftInside_module.go:61: S1N2 : added the block 11... 
S1N2: 2023/11/06 18:35:42 messageHandle.go:192: S1N2: this round of pbft 11 is end 
S1N2: 2023/11/06 18:35:42 messageHandle.go:151: S1N2 received the Commit from ...0
S1N2: 2023/11/06 18:35:47 pbftInside_module.go:42: S1N2 : the pre-prepare message is correct, putting it into the RequestPool. 
S1N2: 2023/11/06 18:35:47 messageHandle.go:89: S1N2 : has broadcast the prepare message 
S1N2: 2023/11/06 18:35:47 messageHandle.go:94: S1N2 : received the Prepare ...
S1N2: 2023/11/06 18:35:47 messageHandle.go:125: S1N2 : is going to commit
S1N2: 2023/11/06 18:35:47 messageHandle.go:139: S1N2 : commit is broadcast
S1N2: 2023/11/06 18:35:47 messageHandle.go:151: S1N2 received the Commit from ...1
S1N2: 2023/11/06 18:35:47 messageHandle.go:94: S1N2 : received the Prepare ...
S1N2: 2023/11/06 18:35:47 messageHandle.go:151: S1N2 received the Commit from ...3
S1N2: 2023/11/06 18:35:47 messageHandle.go:163: S1N2 : has received 2f + 1 commits ... 
S1N2: 2023/11/06 18:35:47 pbftInside_module.go:59: S1N2 : adding the block 12...now height = 11 
S1N2: 2023/11/06 18:35:47 pbftInside_module.go:61: S1N2 : added the block 12... 
S1N2: 2023/11/06 18:35:47 messageHandle.go:192: S1N2: this round of pbft 12 is end 
S1N2: 2023/11/06 18:35:47 messageHandle.go:151: S1N2 received the Commit from ...0
S1N2: 2023/11/06 18:35:52 pbftInside_module.go:42: S1N2 : the pre-prepare message is correct, putting it into the RequestPool. 
S1N2: 2023/11/06 18:35:52 messageHandle.go:89: S1N2 : has broadcast the prepare message 
S1N2: 2023/11/06 18:35:52 messageHandle.go:94: S1N2 : received the Prepare ...
S1N2: 2023/11/06 18:35:52 messageHandle.go:125: S1N2 : is going to commit
S1N2: 2023/11/06 18:35:52 messageHandle.go:139: S1N2 : commit is broadcast
S1N2: 2023/11/06 18:35:52 messageHandle.go:151: S1N2 received the Commit from ...1
S1N2: 2023/11/06 18:35:52 messageHandle.go:94: S1N2 : received the Prepare ...
S1N2: 2023/11/06 18:35:52 messageHandle.go:151: S1N2 received the Commit from ...3
S1N2: 2023/11/06 18:35:52 messageHandle.go:163: S1N2 : has received 2f + 1 commits ... 
S1N2: 2023/11/06 18:35:52 pbftInside_module.go:59: S1N2 : adding the block 13...now height = 12 
S1N2: 2023/11/06 18:35:52 pbftInside_module.go:61: S1N2 : added the block 13... 
S1N2: 2023/11/06 18:35:52 messageHandle.go:192: S1N2: this round of pbft 13 is end 
S1N2: 2023/11/06 18:35:52 messageHandle.go:151: S1N2 received the Commit from ...0
S1N2: 2023/11/06 18:35:52 pbft.go:253: handling stop message
 pre-prepare message is correct, putting it into the RequestPool. 
S1N2: 2023/11/06 18:02:11 messageHandle.go:89: S1N2 : has broadcast the prepare message 
S1N2: 2023/11/06 18:02:11 messageHandle.go:94: S1N2 : received the Prepare ...
S1N2: 2023/11/06 18:02:11 messageHandle.go:125: S1N2 : is going to commit
S1N2: 2023/11/06 18:02:11 messageHandle.go:139: S1N2 : commit is broadcast
S1N2: 2023/11/06 18:02:11 messageHandle.go:151: S1N2 received the Commit from ...1
S1N2: 2023/11/06 18:02:11 messageHandle.go:94: S1N2 : received the Prepare ...
S1N2: 2023/11/06 18:02:11 messageHandle.go:151: S1N2 received the Commit from ...3
S1N2: 2023/11/06 18:02:11 messageHandle.go:163: S1N2 : has received 2f + 1 commits ... 
S1N2: 2023/11/06 18:02:11 pbftInside_module.go:59: S1N2 : adding the block 14...now height = 13 
S1N2: 2023/11/06 18:02:11 pbftInside_module.go:61: S1N2 : added the block 14... 
S1N2: 2023/11/06 18:02:11 messageHandle.go:192: S1N2: this round of pbft 14 is end 
S1N2: 2023/11/06 18:02:11 messageHandle.go:151: S1N2 received the Commit from ...0
S1N2: 2023/11/06 18:02:16 pbftInside_module.go:42: S1N2 : the pre-prepare message is correct, putting it into the RequestPool. 
S1N2: 2023/11/06 18:02:16 messageHandle.go:89: S1N2 : has broadcast the prepare message 
S1N2: 2023/11/06 18:02:16 messageHandle.go:94: S1N2 : received the Prepare ...
S1N2: 2023/11/06 18:02:16 messageHandle.go:125: S1N2 : is going to commit
S1N2: 2023/11/06 18:02:16 messageHandle.go:139: S1N2 : commit is broadcast
S1N2: 2023/11/06 18:02:16 messageHandle.go:94: S1N2 : received the Prepare ...
S1N2: 2023/11/06 18:02:16 messageHandle.go:151: S1N2 received the Commit from ...3
S1N2: 2023/11/06 18:02:16 messageHandle.go:151: S1N2 received the Commit from ...0
S1N2: 2023/11/06 18:02:16 messageHandle.go:163: S1N2 : has received 2f + 1 commits ... 
S1N2: 2023/11/06 18:02:16 pbftInside_module.go:59: S1N2 : adding the block 15...now height = 14 
S1N2: 2023/11/06 18:02:16 pbftInside_module.go:61: S1N2 : added the block 15... 
S1N2: 2023/11/06 18:02:16 messageHandle.go:192: S1N2: this round of pbft 15 is end 
S1N2: 2023/11/06 18:02:16 messageHandle.go:151: S1N2 received the Commit from ...1
S1N2: 2023/11/06 18:02:21 pbftInside_module.go:42: S1N2 : the pre-prepare message is correct, putting it into the RequestPool. 
S1N2: 2023/11/06 18:02:21 messageHandle.go:89: S1N2 : has broadcast the prepare message 
S1N2: 2023/11/06 18:02:21 messageHandle.go:94: S1N2 : received the Prepare ...
S1N2: 2023/11/06 18:02:21 messageHandle.go:125: S1N2 : is going to commit
S1N2: 2023/11/06 18:02:21 messageHandle.go:139: S1N2 : commit is broadcast
S1N2: 2023/11/06 18:02:21 messageHandle.go:151: S1N2 received the Commit from ...1
S1N2: 2023/11/06 18:02:21 messageHandle.go:94: S1N2 : received the Prepare ...
S1N2: 2023/11/06 18:02:21 messageHandle.go:151: S1N2 received the Commit from ...3
S1N2: 2023/11/06 18:02:21 messageHandle.go:163: S1N2 : has received 2f + 1 commits ... 
S1N2: 2023/11/06 18:02:21 pbftInside_module.go:59: S1N2 : adding the block 16...now height = 15 
S1N2: 2023/11/06 18:02:21 pbftInside_module.go:61: S1N2 : added the block 16... 
S1N2: 2023/11/06 18:02:21 messageHandle.go:192: S1N2: this round of pbft 16 is end 
S1N2: 2023/11/06 18:02:21 messageHandle.go:151: S1N2 received the Commit from ...0
S1N2: 2023/11/06 18:02:21 pbft.go:253: handling stop message
8 pbft.go:253: handling stop message
ing it into the RequestPool. 
S1N2: 2023/11/06 15:26:21 messageHandle.go:89: S1N2 : has broadcast the prepare message 
S1N2: 2023/11/06 15:26:21 messageHandle.go:94: S1N2 : received the Prepare ...
S1N2: 2023/11/06 15:26:21 messageHandle.go:125: S1N2 : is going to commit
S1N2: 2023/11/06 15:26:21 messageHandle.go:139: S1N2 : commit is broadcast
S1N2: 2023/11/06 15:26:21 messageHandle.go:151: S1N2 received the Commit from ...1
S1N2: 2023/11/06 15:26:21 messageHandle.go:94: S1N2 : received the Prepare ...
S1N2: 2023/11/06 15:26:21 messageHandle.go:151: S1N2 received the Commit from ...3
S1N2: 2023/11/06 15:26:21 messageHandle.go:163: S1N2 : has received 2f + 1 commits ... 
S1N2: 2023/11/06 15:26:21 pbftInside_module.go:59: S1N2 : adding the block 17...now height = 16 
S1N2: 2023/11/06 15:26:21 pbftInside_module.go:61: S1N2 : added the block 17... 
S1N2: 2023/11/06 15:26:21 messageHandle.go:192: S1N2: this round of pbft 17 is end 
S1N2: 2023/11/06 15:26:21 messageHandle.go:151: S1N2 received the Commit from ...0
S1N2: 2023/11/06 15:26:24 pbft.go:253: handling stop message
